2020-05-07 09:29:10,860 synthtool > Executing /home/chingor/code/synthtool/working_repo/synth.py.
On branch autosynth-logging-self-1
Untracked files:
  (use "git add <file>..." to include in what will be committed)
	logs/

nothing added to commit but untracked files present (use "git add" to track)
2020-05-07 09:29:10,993 synthtool > Ensuring dependencies.
2020-05-07 09:29:11,016 synthtool > Cloning googleapis.
2020-05-07 09:29:11,017 synthtool > Using precloned repo /tmp/tmpa46qwsjv/googleapis
2020-05-07 09:29:11,023 synthtool > Generating code for: //google/cloud/asset/v1:google-cloud-asset-v1-java.
2020-05-07 09:29:11,310 synthtool > Generated code into /tmp/tmp7na5okg1.
2020-05-07 09:29:11,312 synthtool > Replaced '// Generated by the protocol buffer compiler.  DO NOT EDIT!' in /tmp/tmp7na5okg1/google-cloud-asset-v1-java/proto-google-cloud-asset-v1-java/src/main/java/com/google/cloud/asset/v1/TemporalAsset.java.
2020-05-07 09:29:11,312 synthtool > Replaced '// Generated by the protocol buffer compiler.  DO NOT EDIT!' in /tmp/tmp7na5okg1/google-cloud-asset-v1-java/proto-google-cloud-asset-v1-java/src/main/java/com/google/cloud/asset/v1/PubsubDestinationOrBuilder.java.
2020-05-07 09:29:11,313 synthtool > Replaced '// Generated by the protocol buffer compiler.  DO NOT EDIT!' in /tmp/tmp7na5okg1/google-cloud-asset-v1-java/proto-google-cloud-asset-v1-java/src/main/java/com/google/cloud/asset/v1/CreateFeedRequestOrBuilder.java.
2020-05-07 09:29:11,313 synthtool > Replaced '// Generated by the protocol buffer compiler.  DO NOT EDIT!' in /tmp/tmp7na5okg1/google-cloud-asset-v1-java/proto-google-cloud-asset-v1-java/src/main/java/com/google/cloud/asset/v1/Asset.java.
2020-05-07 09:29:11,314 synthtool > Replaced '// Generated by the protocol buffer compiler.  DO NOT EDIT!' in /tmp/tmp7na5okg1/google-cloud-asset-v1-java/proto-google-cloud-asset-v1-java/src/main/java/com/google/cloud/asset/v1/AssetOrBuilder.java.
2020-05-07 09:29:11,314 synthtool > Replaced '// Generated by the protocol buffer compiler.  DO NOT EDIT!' in /tmp/tmp7na5okg1/google-cloud-asset-v1-java/proto-google-cloud-asset-v1-java/src/main/java/com/google/cloud/asset/v1/TemporalAssetOrBuilder.java.
2020-05-07 09:29:11,314 synthtool > Replaced '// Generated by the protocol buffer compiler.  DO NOT EDIT!' in /tmp/tmp7na5okg1/google-cloud-asset-v1-java/proto-google-cloud-asset-v1-java/src/main/java/com/google/cloud/asset/v1/BigQueryDestination.java.
2020-05-07 09:29:11,314 synthtool > Replaced '// Generated by the protocol buffer compiler.  DO NOT EDIT!' in /tmp/tmp7na5okg1/google-cloud-asset-v1-java/proto-google-cloud-asset-v1-java/src/main/java/com/google/cloud/asset/v1/GetFeedRequest.java.
2020-05-07 09:29:11,315 synthtool > Replaced '// Generated by the protocol buffer compiler.  DO NOT EDIT!' in /tmp/tmp7na5okg1/google-cloud-asset-v1-java/proto-google-cloud-asset-v1-java/src/main/java/com/google/cloud/asset/v1/OutputConfigOrBuilder.java.
2020-05-07 09:29:11,315 synthtool > Replaced '// Generated by the protocol buffer compiler.  DO NOT EDIT!' in /tmp/tmp7na5okg1/google-cloud-asset-v1-java/proto-google-cloud-asset-v1-java/src/main/java/com/google/cloud/asset/v1/AssetProto.java.
2020-05-07 09:29:11,315 synthtool > Replaced '// Generated by the protocol buffer compiler.  DO NOT EDIT!' in /tmp/tmp7na5okg1/google-cloud-asset-v1-java/proto-google-cloud-asset-v1-java/src/main/java/com/google/cloud/asset/v1/ResourceOrBuilder.java.
2020-05-07 09:29:11,316 synthtool > Replaced '// Generated by the protocol buffer compiler.  DO NOT EDIT!' in /tmp/tmp7na5okg1/google-cloud-asset-v1-java/proto-google-cloud-asset-v1-java/src/main/java/com/google/cloud/asset/v1/ExportAssetsRequest.java.
2020-05-07 09:29:11,316 synthtool > Replaced '// Generated by the protocol buffer compiler.  DO NOT EDIT!' in /tmp/tmp7na5okg1/google-cloud-asset-v1-java/proto-google-cloud-asset-v1-java/src/main/java/com/google/cloud/asset/v1/BatchGetAssetsHistoryRequest.java.
2020-05-07 09:29:11,316 synthtool > Replaced '// Generated by the protocol buffer compiler.  DO NOT EDIT!' in /tmp/tmp7na5okg1/google-cloud-asset-v1-java/proto-google-cloud-asset-v1-java/src/main/java/com/google/cloud/asset/v1/BigQueryDestinationOrBuilder.java.
2020-05-07 09:29:11,317 synthtool > Replaced '// Generated by the protocol buffer compiler.  DO NOT EDIT!' in /tmp/tmp7na5okg1/google-cloud-asset-v1-java/proto-google-cloud-asset-v1-java/src/main/java/com/google/cloud/asset/v1/FeedOutputConfigOrBuilder.java.
2020-05-07 09:29:11,317 synthtool > Replaced '// Generated by the protocol buffer compiler.  DO NOT EDIT!' in /tmp/tmp7na5okg1/google-cloud-asset-v1-java/proto-google-cloud-asset-v1-java/src/main/java/com/google/cloud/asset/v1/BatchGetAssetsHistoryRequestOrBuilder.java.
2020-05-07 09:29:11,317 synthtool > Replaced '// Generated by the protocol buffer compiler.  DO NOT EDIT!' in /tmp/tmp7na5okg1/google-cloud-asset-v1-java/proto-google-cloud-asset-v1-java/src/main/java/com/google/cloud/asset/v1/GetFeedRequestOrBuilder.java.
2020-05-07 09:29:11,317 synthtool > Replaced '// Generated by the protocol buffer compiler.  DO NOT EDIT!' in /tmp/tmp7na5okg1/google-cloud-asset-v1-java/proto-google-cloud-asset-v1-java/src/main/java/com/google/cloud/asset/v1/DeleteFeedRequestOrBuilder.java.
2020-05-07 09:29:11,318 synthtool > Replaced '// Generated by the protocol buffer compiler.  DO NOT EDIT!' in /tmp/tmp7na5okg1/google-cloud-asset-v1-java/proto-google-cloud-asset-v1-java/src/main/java/com/google/cloud/asset/v1/ListFeedsRequest.java.
2020-05-07 09:29:11,318 synthtool > Replaced '// Generated by the protocol buffer compiler.  DO NOT EDIT!' in /tmp/tmp7na5okg1/google-cloud-asset-v1-java/proto-google-cloud-asset-v1-java/src/main/java/com/google/cloud/asset/v1/GcsDestinationOrBuilder.java.
2020-05-07 09:29:11,318 synthtool > Replaced '// Generated by the protocol buffer compiler.  DO NOT EDIT!' in /tmp/tmp7na5okg1/google-cloud-asset-v1-java/proto-google-cloud-asset-v1-java/src/main/java/com/google/cloud/asset/v1/DeleteFeedRequest.java.
2020-05-07 09:29:11,319 synthtool > Replaced '// Generated by the protocol buffer compiler.  DO NOT EDIT!' in /tmp/tmp7na5okg1/google-cloud-asset-v1-java/proto-google-cloud-asset-v1-java/src/main/java/com/google/cloud/asset/v1/ContentType.java.
2020-05-07 09:29:11,319 synthtool > Replaced '// Generated by the protocol buffer compiler.  DO NOT EDIT!' in /tmp/tmp7na5okg1/google-cloud-asset-v1-java/proto-google-cloud-asset-v1-java/src/main/java/com/google/cloud/asset/v1/BatchGetAssetsHistoryResponseOrBuilder.java.
2020-05-07 09:29:11,319 synthtool > Replaced '// Generated by the protocol buffer compiler.  DO NOT EDIT!' in /tmp/tmp7na5okg1/google-cloud-asset-v1-java/proto-google-cloud-asset-v1-java/src/main/java/com/google/cloud/asset/v1/PubsubDestination.java.
2020-05-07 09:29:11,320 synthtool > Replaced '// Generated by the protocol buffer compiler.  DO NOT EDIT!' in /tmp/tmp7na5okg1/google-cloud-asset-v1-java/proto-google-cloud-asset-v1-java/src/main/java/com/google/cloud/asset/v1/Feed.java.
2020-05-07 09:29:11,320 synthtool > Replaced '// Generated by the protocol buffer compiler.  DO NOT EDIT!' in /tmp/tmp7na5okg1/google-cloud-asset-v1-java/proto-google-cloud-asset-v1-java/src/main/java/com/google/cloud/asset/v1/ExportAssetsResponse.java.
2020-05-07 09:29:11,320 synthtool > Replaced '// Generated by the protocol buffer compiler.  DO NOT EDIT!' in /tmp/tmp7na5okg1/google-cloud-asset-v1-java/proto-google-cloud-asset-v1-java/src/main/java/com/google/cloud/asset/v1/ExportAssetsRequestOrBuilder.java.
2020-05-07 09:29:11,321 synthtool > Replaced '// Generated by the protocol buffer compiler.  DO NOT EDIT!' in /tmp/tmp7na5okg1/google-cloud-asset-v1-java/proto-google-cloud-asset-v1-java/src/main/java/com/google/cloud/asset/v1/TimeWindow.java.
2020-05-07 09:29:11,321 synthtool > Replaced '// Generated by the protocol buffer compiler.  DO NOT EDIT!' in /tmp/tmp7na5okg1/google-cloud-asset-v1-java/proto-google-cloud-asset-v1-java/src/main/java/com/google/cloud/asset/v1/ListFeedsResponse.java.
2020-05-07 09:29:11,325 synthtool > Replaced '// Generated by the protocol buffer compiler.  DO NOT EDIT!' in /tmp/tmp7na5okg1/google-cloud-asset-v1-java/proto-google-cloud-asset-v1-java/src/main/java/com/google/cloud/asset/v1/TimeWindowOrBuilder.java.
2020-05-07 09:29:11,326 synthtool > Replaced '// Generated by the protocol buffer compiler.  DO NOT EDIT!' in /tmp/tmp7na5okg1/google-cloud-asset-v1-java/proto-google-cloud-asset-v1-java/src/main/java/com/google/cloud/asset/v1/CreateFeedRequest.java.
2020-05-07 09:29:11,338 synthtool > Replaced '// Generated by the protocol buffer compiler.  DO NOT EDIT!' in /tmp/tmp7na5okg1/google-cloud-asset-v1-java/proto-google-cloud-asset-v1-java/src/main/java/com/google/cloud/asset/v1/BatchGetAssetsHistoryResponse.java.
2020-05-07 09:29:11,338 synthtool > Replaced '// Generated by the protocol buffer compiler.  DO NOT EDIT!' in /tmp/tmp7na5okg1/google-cloud-asset-v1-java/proto-google-cloud-asset-v1-java/src/main/java/com/google/cloud/asset/v1/UpdateFeedRequestOrBuilder.java.
2020-05-07 09:29:11,338 synthtool > Replaced '// Generated by the protocol buffer compiler.  DO NOT EDIT!' in /tmp/tmp7na5okg1/google-cloud-asset-v1-java/proto-google-cloud-asset-v1-java/src/main/java/com/google/cloud/asset/v1/ListFeedsResponseOrBuilder.java.
2020-05-07 09:29:11,339 synthtool > Replaced '// Generated by the protocol buffer compiler.  DO NOT EDIT!' in /tmp/tmp7na5okg1/google-cloud-asset-v1-java/proto-google-cloud-asset-v1-java/src/main/java/com/google/cloud/asset/v1/OutputConfig.java.
2020-05-07 09:29:11,339 synthtool > Replaced '// Generated by the protocol buffer compiler.  DO NOT EDIT!' in /tmp/tmp7na5okg1/google-cloud-asset-v1-java/proto-google-cloud-asset-v1-java/src/main/java/com/google/cloud/asset/v1/Resource.java.
2020-05-07 09:29:11,339 synthtool > Replaced '// Generated by the protocol buffer compiler.  DO NOT EDIT!' in /tmp/tmp7na5okg1/google-cloud-asset-v1-java/proto-google-cloud-asset-v1-java/src/main/java/com/google/cloud/asset/v1/UpdateFeedRequest.java.
2020-05-07 09:29:11,340 synthtool > Replaced '// Generated by the protocol buffer compiler.  DO NOT EDIT!' in /tmp/tmp7na5okg1/google-cloud-asset-v1-java/proto-google-cloud-asset-v1-java/src/main/java/com/google/cloud/asset/v1/FeedOutputConfig.java.
2020-05-07 09:29:11,340 synthtool > Replaced '// Generated by the protocol buffer compiler.  DO NOT EDIT!' in /tmp/tmp7na5okg1/google-cloud-asset-v1-java/proto-google-cloud-asset-v1-java/src/main/java/com/google/cloud/asset/v1/FeedOrBuilder.java.
2020-05-07 09:29:11,340 synthtool > Replaced '// Generated by the protocol buffer compiler.  DO NOT EDIT!' in /tmp/tmp7na5okg1/google-cloud-asset-v1-java/proto-google-cloud-asset-v1-java/src/main/java/com/google/cloud/asset/v1/ListFeedsRequestOrBuilder.java.
2020-05-07 09:29:11,341 synthtool > Replaced '// Generated by the protocol buffer compiler.  DO NOT EDIT!' in /tmp/tmp7na5okg1/google-cloud-asset-v1-java/proto-google-cloud-asset-v1-java/src/main/java/com/google/cloud/asset/v1/AssetServiceProto.java.
2020-05-07 09:29:11,341 synthtool > Replaced '// Generated by the protocol buffer compiler.  DO NOT EDIT!' in /tmp/tmp7na5okg1/google-cloud-asset-v1-java/proto-google-cloud-asset-v1-java/src/main/java/com/google/cloud/asset/v1/GcsDestination.java.
2020-05-07 09:29:11,341 synthtool > Replaced '// Generated by the protocol buffer compiler.  DO NOT EDIT!' in /tmp/tmp7na5okg1/google-cloud-asset-v1-java/proto-google-cloud-asset-v1-java/src/main/java/com/google/cloud/asset/v1/ExportAssetsResponseOrBuilder.java.
2020-05-07 09:29:11,349 synthtool > Replaced '/\\*\n \\* Copyright \\d{4} Google LLC\n \\*\n \\* Licensed under the Apache License, Version 2.0 \\(the "License"\\); you may not use this file except\n \\* in compliance with the License. You may obtain a copy of the License at\n \\*\n \\* http://www.apache.org/licenses/LICENSE-2.0\n \\*\n \\* Unless required by applicable law or agreed to in writing, software distributed under the License\n \\* is distributed on an "AS IS" BASIS, WITHOUT WARRANTIES OR CONDITIONS OF ANY KIND, either express\n \\* or implied. See the License for the specific language governing permissions and limitations under\n \\* the License.\n \\*/\n' in /tmp/tmp7na5okg1/google-cloud-asset-v1-java/proto-google-cloud-asset-v1-java/src/main/java/com/google/cloud/asset/v1/FeedName.java.
2020-05-07 09:29:11,356 synthtool > Replaced '^package (.*);' in /tmp/tmp7na5okg1/google-cloud-asset-v1-java/grpc-google-cloud-asset-v1-java/src/main/java/com/google/cloud/asset/v1/AssetServiceGrpc.java.
2020-05-07 09:29:11,416 synthtool > No files in sources [PosixPath('/tmp/tmp7na5okg1/google-cloud-asset-v1-java/gapic-google-cloud-asset-v1-java/samples/src')] were copied. Does the source contain files?
2020-05-07 09:29:11,417 synthtool > No files in sources [PosixPath('/tmp/tmp7na5okg1/google-cloud-asset-v1-java/gapic-google-cloud-asset-v1-java/samples/resources')] were copied. Does the source contain files?
2020-05-07 09:29:11,419 synthtool > No files in sources [PosixPath('/tmp/tmp7na5okg1/google-cloud-asset-v1-java/gapic-google-cloud-asset-v1-java/samples/src/**/*.manifest.yaml')] were copied. Does the source contain files?
2020-05-07 09:29:11,424 synthtool > Running java formatter on 52 files
2020-05-07 09:29:14,355 synthtool > Running java formatter on 1 files
2020-05-07 09:29:16,172 synthtool > Running java formatter on 45 files
2020-05-07 09:29:20,288 synthtool > Running java formatter on 0 files
2020-05-07 09:29:20,719 synthtool > Ensuring dependencies.
2020-05-07 09:29:20,731 synthtool > Cloning googleapis.
2020-05-07 09:29:20,731 synthtool > Using precloned repo /tmp/tmpa46qwsjv/googleapis
2020-05-07 09:29:20,738 synthtool > Generating code for: //google/cloud/asset/v1beta1:google-cloud-asset-v1beta1-java.
2020-05-07 09:29:21,042 synthtool > Generated code into /tmp/tmpxdj9j4rh.
2020-05-07 09:29:21,043 synthtool > Replaced '// Generated by the protocol buffer compiler.  DO NOT EDIT!' in /tmp/tmpxdj9j4rh/google-cloud-asset-v1beta1-java/proto-google-cloud-asset-v1beta1-java/src/main/java/com/google/cloud/asset/v1beta1/TemporalAsset.java.
2020-05-07 09:29:21,043 synthtool > Replaced '// Generated by the protocol buffer compiler.  DO NOT EDIT!' in /tmp/tmpxdj9j4rh/google-cloud-asset-v1beta1-java/proto-google-cloud-asset-v1beta1-java/src/main/java/com/google/cloud/asset/v1beta1/Asset.java.
2020-05-07 09:29:21,043 synthtool > Replaced '// Generated by the protocol buffer compiler.  DO NOT EDIT!' in /tmp/tmpxdj9j4rh/google-cloud-asset-v1beta1-java/proto-google-cloud-asset-v1beta1-java/src/main/java/com/google/cloud/asset/v1beta1/AssetOrBuilder.java.
2020-05-07 09:29:21,043 synthtool > Replaced '// Generated by the protocol buffer compiler.  DO NOT EDIT!' in /tmp/tmpxdj9j4rh/google-cloud-asset-v1beta1-java/proto-google-cloud-asset-v1beta1-java/src/main/java/com/google/cloud/asset/v1beta1/TemporalAssetOrBuilder.java.
2020-05-07 09:29:21,044 synthtool > Replaced '// Generated by the protocol buffer compiler.  DO NOT EDIT!' in /tmp/tmpxdj9j4rh/google-cloud-asset-v1beta1-java/proto-google-cloud-asset-v1beta1-java/src/main/java/com/google/cloud/asset/v1beta1/OutputConfigOrBuilder.java.
2020-05-07 09:29:21,044 synthtool > Replaced '// Generated by the protocol buffer compiler.  DO NOT EDIT!' in /tmp/tmpxdj9j4rh/google-cloud-asset-v1beta1-java/proto-google-cloud-asset-v1beta1-java/src/main/java/com/google/cloud/asset/v1beta1/AssetProto.java.
2020-05-07 09:29:21,044 synthtool > Replaced '// Generated by the protocol buffer compiler.  DO NOT EDIT!' in /tmp/tmpxdj9j4rh/google-cloud-asset-v1beta1-java/proto-google-cloud-asset-v1beta1-java/src/main/java/com/google/cloud/asset/v1beta1/ResourceOrBuilder.java.
2020-05-07 09:29:21,044 synthtool > Replaced '// Generated by the protocol buffer compiler.  DO NOT EDIT!' in /tmp/tmpxdj9j4rh/google-cloud-asset-v1beta1-java/proto-google-cloud-asset-v1beta1-java/src/main/java/com/google/cloud/asset/v1beta1/ExportAssetsRequest.java.
2020-05-07 09:29:21,045 synthtool > Replaced '// Generated by the protocol buffer compiler.  DO NOT EDIT!' in /tmp/tmpxdj9j4rh/google-cloud-asset-v1beta1-java/proto-google-cloud-asset-v1beta1-java/src/main/java/com/google/cloud/asset/v1beta1/BatchGetAssetsHistoryRequest.java.
2020-05-07 09:29:21,045 synthtool > Replaced '// Generated by the protocol buffer compiler.  DO NOT EDIT!' in /tmp/tmpxdj9j4rh/google-cloud-asset-v1beta1-java/proto-google-cloud-asset-v1beta1-java/src/main/java/com/google/cloud/asset/v1beta1/BatchGetAssetsHistoryRequestOrBuilder.java.
2020-05-07 09:29:21,045 synthtool > Replaced '// Generated by the protocol buffer compiler.  DO NOT EDIT!' in /tmp/tmpxdj9j4rh/google-cloud-asset-v1beta1-java/proto-google-cloud-asset-v1beta1-java/src/main/java/com/google/cloud/asset/v1beta1/GcsDestinationOrBuilder.java.
2020-05-07 09:29:21,045 synthtool > Replaced '// Generated by the protocol buffer compiler.  DO NOT EDIT!' in /tmp/tmpxdj9j4rh/google-cloud-asset-v1beta1-java/proto-google-cloud-asset-v1beta1-java/src/main/java/com/google/cloud/asset/v1beta1/ContentType.java.
2020-05-07 09:29:21,045 synthtool > Replaced '// Generated by the protocol buffer compiler.  DO NOT EDIT!' in /tmp/tmpxdj9j4rh/google-cloud-asset-v1beta1-java/proto-google-cloud-asset-v1beta1-java/src/main/java/com/google/cloud/asset/v1beta1/BatchGetAssetsHistoryResponseOrBuilder.java.
2020-05-07 09:29:21,046 synthtool > Replaced '// Generated by the protocol buffer compiler.  DO NOT EDIT!' in /tmp/tmpxdj9j4rh/google-cloud-asset-v1beta1-java/proto-google-cloud-asset-v1beta1-java/src/main/java/com/google/cloud/asset/v1beta1/ExportAssetsResponse.java.
2020-05-07 09:29:21,046 synthtool > Replaced '// Generated by the protocol buffer compiler.  DO NOT EDIT!' in /tmp/tmpxdj9j4rh/google-cloud-asset-v1beta1-java/proto-google-cloud-asset-v1beta1-java/src/main/java/com/google/cloud/asset/v1beta1/ExportAssetsRequestOrBuilder.java.
2020-05-07 09:29:21,046 synthtool > Replaced '// Generated by the protocol buffer compiler.  DO NOT EDIT!' in /tmp/tmpxdj9j4rh/google-cloud-asset-v1beta1-java/proto-google-cloud-asset-v1beta1-java/src/main/java/com/google/cloud/asset/v1beta1/TimeWindow.java.
2020-05-07 09:29:21,046 synthtool > Replaced '// Generated by the protocol buffer compiler.  DO NOT EDIT!' in /tmp/tmpxdj9j4rh/google-cloud-asset-v1beta1-java/proto-google-cloud-asset-v1beta1-java/src/main/java/com/google/cloud/asset/v1beta1/TimeWindowOrBuilder.java.
2020-05-07 09:29:21,047 synthtool > Replaced '// Generated by the protocol buffer compiler.  DO NOT EDIT!' in /tmp/tmpxdj9j4rh/google-cloud-asset-v1beta1-java/proto-google-cloud-asset-v1beta1-java/src/main/java/com/google/cloud/asset/v1beta1/BatchGetAssetsHistoryResponse.java.
2020-05-07 09:29:21,047 synthtool > Replaced '// Generated by the protocol buffer compiler.  DO NOT EDIT!' in /tmp/tmpxdj9j4rh/google-cloud-asset-v1beta1-java/proto-google-cloud-asset-v1beta1-java/src/main/java/com/google/cloud/asset/v1beta1/OutputConfig.java.
2020-05-07 09:29:21,047 synthtool > Replaced '// Generated by the protocol buffer compiler.  DO NOT EDIT!' in /tmp/tmpxdj9j4rh/google-cloud-asset-v1beta1-java/proto-google-cloud-asset-v1beta1-java/src/main/java/com/google/cloud/asset/v1beta1/Resource.java.
2020-05-07 09:29:21,047 synthtool > Replaced '// Generated by the protocol buffer compiler.  DO NOT EDIT!' in /tmp/tmpxdj9j4rh/google-cloud-asset-v1beta1-java/proto-google-cloud-asset-v1beta1-java/src/main/java/com/google/cloud/asset/v1beta1/AssetServiceProto.java.
2020-05-07 09:29:21,047 synthtool > Replaced '// Generated by the protocol buffer compiler.  DO NOT EDIT!' in /tmp/tmpxdj9j4rh/google-cloud-asset-v1beta1-java/proto-google-cloud-asset-v1beta1-java/src/main/java/com/google/cloud/asset/v1beta1/GcsDestination.java.
2020-05-07 09:29:21,048 synthtool > Replaced '// Generated by the protocol buffer compiler.  DO NOT EDIT!' in /tmp/tmpxdj9j4rh/google-cloud-asset-v1beta1-java/proto-google-cloud-asset-v1beta1-java/src/main/java/com/google/cloud/asset/v1beta1/ExportAssetsResponseOrBuilder.java.
2020-05-07 09:29:21,049 synthtool > No replacements made in [PosixPath('/tmp/tmpxdj9j4rh/google-cloud-asset-v1beta1-java/proto-google-cloud-asset-v1beta1-java/src/**/*Name.java'), PosixPath('/tmp/tmpxdj9j4rh/google-cloud-asset-v1beta1-java/proto-google-cloud-asset-v1beta1-java/src/**/*Names.java')] for pattern /\*
 \* Copyright \d{4} Google LLC
 \*
 \* Licensed under the Apache License, Version 2.0 \(the "License"\); you may not use this file except
 \* in compliance with the License. You may obtain a copy of the License at
 \*
 \* http://www.apache.org/licenses/LICENSE-2.0
 \*
 \* Unless required by applicable law or agreed to in writing, software distributed under the License
 \* is distributed on an "AS IS" BASIS, WITHOUT WARRANTIES OR CONDITIONS OF ANY KIND, either express
 \* or implied. See the License for the specific language governing permissions and limitations under
 \* the License.
 \*/
, maybe replacement is no longer needed?
2020-05-07 09:29:21,050 synthtool > Replaced '^package (.*);' in /tmp/tmpxdj9j4rh/google-cloud-asset-v1beta1-java/grpc-google-cloud-asset-v1beta1-java/src/main/java/com/google/cloud/asset/v1beta1/AssetServiceGrpc.java.
2020-05-07 09:29:21,062 synthtool > No files in sources [PosixPath('/tmp/tmpxdj9j4rh/google-cloud-asset-v1beta1-java/gapic-google-cloud-asset-v1beta1-java/samples/src')] were copied. Does the source contain files?
2020-05-07 09:29:21,063 synthtool > No files in sources [PosixPath('/tmp/tmpxdj9j4rh/google-cloud-asset-v1beta1-java/gapic-google-cloud-asset-v1beta1-java/samples/resources')] were copied. Does the source contain files?
2020-05-07 09:29:21,063 synthtool > No files in sources [PosixPath('/tmp/tmpxdj9j4rh/google-cloud-asset-v1beta1-java/gapic-google-cloud-asset-v1beta1-java/samples/src/**/*.manifest.yaml')] were copied. Does the source contain files?
2020-05-07 09:29:21,064 synthtool > Running java formatter on 52 files
2020-05-07 09:29:24,087 synthtool > Running java formatter on 1 files
2020-05-07 09:29:25,726 synthtool > Running java formatter on 24 files
2020-05-07 09:29:28,979 synthtool > Running java formatter on 0 files
2020-05-07 09:29:29,403 synthtool > Ensuring dependencies.
2020-05-07 09:29:29,417 synthtool > Cloning googleapis.
2020-05-07 09:29:29,417 synthtool > Using precloned repo /tmp/tmpa46qwsjv/googleapis
2020-05-07 09:29:29,425 synthtool > Generating code for: //google/cloud/asset/v1p2beta1:google-cloud-asset-v1p2beta1-java.
2020-05-07 09:29:29,718 synthtool > Generated code into /tmp/tmp9y38nf7g.
2020-05-07 09:29:29,719 synthtool > Replaced '// Generated by the protocol buffer compiler.  DO NOT EDIT!' in /tmp/tmp9y38nf7g/google-cloud-asset-v1p2beta1-java/proto-google-cloud-asset-v1p2beta1-java/src/main/java/com/google/cloud/asset/v1p2beta1/TemporalAsset.java.
2020-05-07 09:29:29,720 synthtool > Replaced '// Generated by the protocol buffer compiler.  DO NOT EDIT!' in /tmp/tmp9y38nf7g/google-cloud-asset-v1p2beta1-java/proto-google-cloud-asset-v1p2beta1-java/src/main/java/com/google/cloud/asset/v1p2beta1/PubsubDestinationOrBuilder.java.
2020-05-07 09:29:29,720 synthtool > Replaced '// Generated by the protocol buffer compiler.  DO NOT EDIT!' in /tmp/tmp9y38nf7g/google-cloud-asset-v1p2beta1-java/proto-google-cloud-asset-v1p2beta1-java/src/main/java/com/google/cloud/asset/v1p2beta1/CreateFeedRequestOrBuilder.java.
2020-05-07 09:29:29,720 synthtool > Replaced '// Generated by the protocol buffer compiler.  DO NOT EDIT!' in /tmp/tmp9y38nf7g/google-cloud-asset-v1p2beta1-java/proto-google-cloud-asset-v1p2beta1-java/src/main/java/com/google/cloud/asset/v1p2beta1/Asset.java.
2020-05-07 09:29:29,720 synthtool > Replaced '// Generated by the protocol buffer compiler.  DO NOT EDIT!' in /tmp/tmp9y38nf7g/google-cloud-asset-v1p2beta1-java/proto-google-cloud-asset-v1p2beta1-java/src/main/java/com/google/cloud/asset/v1p2beta1/AssetOrBuilder.java.
2020-05-07 09:29:29,721 synthtool > Replaced '// Generated by the protocol buffer compiler.  DO NOT EDIT!' in /tmp/tmp9y38nf7g/google-cloud-asset-v1p2beta1-java/proto-google-cloud-asset-v1p2beta1-java/src/main/java/com/google/cloud/asset/v1p2beta1/TemporalAssetOrBuilder.java.
2020-05-07 09:29:29,721 synthtool > Replaced '// Generated by the protocol buffer compiler.  DO NOT EDIT!' in /tmp/tmp9y38nf7g/google-cloud-asset-v1p2beta1-java/proto-google-cloud-asset-v1p2beta1-java/src/main/java/com/google/cloud/asset/v1p2beta1/GetFeedRequest.java.
2020-05-07 09:29:29,721 synthtool > Replaced '// Generated by the protocol buffer compiler.  DO NOT EDIT!' in /tmp/tmp9y38nf7g/google-cloud-asset-v1p2beta1-java/proto-google-cloud-asset-v1p2beta1-java/src/main/java/com/google/cloud/asset/v1p2beta1/OutputConfigOrBuilder.java.
2020-05-07 09:29:29,721 synthtool > Replaced '// Generated by the protocol buffer compiler.  DO NOT EDIT!' in /tmp/tmp9y38nf7g/google-cloud-asset-v1p2beta1-java/proto-google-cloud-asset-v1p2beta1-java/src/main/java/com/google/cloud/asset/v1p2beta1/AssetProto.java.
2020-05-07 09:29:29,722 synthtool > Replaced '// Generated by the protocol buffer compiler.  DO NOT EDIT!' in /tmp/tmp9y38nf7g/google-cloud-asset-v1p2beta1-java/proto-google-cloud-asset-v1p2beta1-java/src/main/java/com/google/cloud/asset/v1p2beta1/ResourceOrBuilder.java.
2020-05-07 09:29:29,722 synthtool > Replaced '// Generated by the protocol buffer compiler.  DO NOT EDIT!' in /tmp/tmp9y38nf7g/google-cloud-asset-v1p2beta1-java/proto-google-cloud-asset-v1p2beta1-java/src/main/java/com/google/cloud/asset/v1p2beta1/FeedOutputConfigOrBuilder.java.
2020-05-07 09:29:29,722 synthtool > Replaced '// Generated by the protocol buffer compiler.  DO NOT EDIT!' in /tmp/tmp9y38nf7g/google-cloud-asset-v1p2beta1-java/proto-google-cloud-asset-v1p2beta1-java/src/main/java/com/google/cloud/asset/v1p2beta1/GetFeedRequestOrBuilder.java.
2020-05-07 09:29:29,722 synthtool > Replaced '// Generated by the protocol buffer compiler.  DO NOT EDIT!' in /tmp/tmp9y38nf7g/google-cloud-asset-v1p2beta1-java/proto-google-cloud-asset-v1p2beta1-java/src/main/java/com/google/cloud/asset/v1p2beta1/DeleteFeedRequestOrBuilder.java.
2020-05-07 09:29:29,722 synthtool > Replaced '// Generated by the protocol buffer compiler.  DO NOT EDIT!' in /tmp/tmp9y38nf7g/google-cloud-asset-v1p2beta1-java/proto-google-cloud-asset-v1p2beta1-java/src/main/java/com/google/cloud/asset/v1p2beta1/ListFeedsRequest.java.
2020-05-07 09:29:29,723 synthtool > Replaced '// Generated by the protocol buffer compiler.  DO NOT EDIT!' in /tmp/tmp9y38nf7g/google-cloud-asset-v1p2beta1-java/proto-google-cloud-asset-v1p2beta1-java/src/main/java/com/google/cloud/asset/v1p2beta1/GcsDestinationOrBuilder.java.
2020-05-07 09:29:29,723 synthtool > Replaced '// Generated by the protocol buffer compiler.  DO NOT EDIT!' in /tmp/tmp9y38nf7g/google-cloud-asset-v1p2beta1-java/proto-google-cloud-asset-v1p2beta1-java/src/main/java/com/google/cloud/asset/v1p2beta1/DeleteFeedRequest.java.
2020-05-07 09:29:29,723 synthtool > Replaced '// Generated by the protocol buffer compiler.  DO NOT EDIT!' in /tmp/tmp9y38nf7g/google-cloud-asset-v1p2beta1-java/proto-google-cloud-asset-v1p2beta1-java/src/main/java/com/google/cloud/asset/v1p2beta1/ContentType.java.
2020-05-07 09:29:29,723 synthtool > Replaced '// Generated by the protocol buffer compiler.  DO NOT EDIT!' in /tmp/tmp9y38nf7g/google-cloud-asset-v1p2beta1-java/proto-google-cloud-asset-v1p2beta1-java/src/main/java/com/google/cloud/asset/v1p2beta1/PubsubDestination.java.
2020-05-07 09:29:29,724 synthtool > Replaced '// Generated by the protocol buffer compiler.  DO NOT EDIT!' in /tmp/tmp9y38nf7g/google-cloud-asset-v1p2beta1-java/proto-google-cloud-asset-v1p2beta1-java/src/main/java/com/google/cloud/asset/v1p2beta1/Feed.java.
2020-05-07 09:29:29,724 synthtool > Replaced '// Generated by the protocol buffer compiler.  DO NOT EDIT!' in /tmp/tmp9y38nf7g/google-cloud-asset-v1p2beta1-java/proto-google-cloud-asset-v1p2beta1-java/src/main/java/com/google/cloud/asset/v1p2beta1/TimeWindow.java.
2020-05-07 09:29:29,724 synthtool > Replaced '// Generated by the protocol buffer compiler.  DO NOT EDIT!' in /tmp/tmp9y38nf7g/google-cloud-asset-v1p2beta1-java/proto-google-cloud-asset-v1p2beta1-java/src/main/java/com/google/cloud/asset/v1p2beta1/ListFeedsResponse.java.
2020-05-07 09:29:29,724 synthtool > Replaced '// Generated by the protocol buffer compiler.  DO NOT EDIT!' in /tmp/tmp9y38nf7g/google-cloud-asset-v1p2beta1-java/proto-google-cloud-asset-v1p2beta1-java/src/main/java/com/google/cloud/asset/v1p2beta1/TimeWindowOrBuilder.java.
2020-05-07 09:29:29,725 synthtool > Replaced '// Generated by the protocol buffer compiler.  DO NOT EDIT!' in /tmp/tmp9y38nf7g/google-cloud-asset-v1p2beta1-java/proto-google-cloud-asset-v1p2beta1-java/src/main/java/com/google/cloud/asset/v1p2beta1/CreateFeedRequest.java.
2020-05-07 09:29:29,725 synthtool > Replaced '// Generated by the protocol buffer compiler.  DO NOT EDIT!' in /tmp/tmp9y38nf7g/google-cloud-asset-v1p2beta1-java/proto-google-cloud-asset-v1p2beta1-java/src/main/java/com/google/cloud/asset/v1p2beta1/UpdateFeedRequestOrBuilder.java.
2020-05-07 09:29:29,725 synthtool > Replaced '// Generated by the protocol buffer compiler.  DO NOT EDIT!' in /tmp/tmp9y38nf7g/google-cloud-asset-v1p2beta1-java/proto-google-cloud-asset-v1p2beta1-java/src/main/java/com/google/cloud/asset/v1p2beta1/ListFeedsResponseOrBuilder.java.
2020-05-07 09:29:29,725 synthtool > Replaced '// Generated by the protocol buffer compiler.  DO NOT EDIT!' in /tmp/tmp9y38nf7g/google-cloud-asset-v1p2beta1-java/proto-google-cloud-asset-v1p2beta1-java/src/main/java/com/google/cloud/asset/v1p2beta1/OutputConfig.java.
2020-05-07 09:29:29,726 synthtool > Replaced '// Generated by the protocol buffer compiler.  DO NOT EDIT!' in /tmp/tmp9y38nf7g/google-cloud-asset-v1p2beta1-java/proto-google-cloud-asset-v1p2beta1-java/src/main/java/com/google/cloud/asset/v1p2beta1/Resource.java.
2020-05-07 09:29:29,726 synthtool > Replaced '// Generated by the protocol buffer compiler.  DO NOT EDIT!' in /tmp/tmp9y38nf7g/google-cloud-asset-v1p2beta1-java/proto-google-cloud-asset-v1p2beta1-java/src/main/java/com/google/cloud/asset/v1p2beta1/UpdateFeedRequest.java.
2020-05-07 09:29:29,726 synthtool > Replaced '// Generated by the protocol buffer compiler.  DO NOT EDIT!' in /tmp/tmp9y38nf7g/google-cloud-asset-v1p2beta1-java/proto-google-cloud-asset-v1p2beta1-java/src/main/java/com/google/cloud/asset/v1p2beta1/FeedOutputConfig.java.
2020-05-07 09:29:29,726 synthtool > Replaced '// Generated by the protocol buffer compiler.  DO NOT EDIT!' in /tmp/tmp9y38nf7g/google-cloud-asset-v1p2beta1-java/proto-google-cloud-asset-v1p2beta1-java/src/main/java/com/google/cloud/asset/v1p2beta1/FeedOrBuilder.java.
2020-05-07 09:29:29,726 synthtool > Replaced '// Generated by the protocol buffer compiler.  DO NOT EDIT!' in /tmp/tmp9y38nf7g/google-cloud-asset-v1p2beta1-java/proto-google-cloud-asset-v1p2beta1-java/src/main/java/com/google/cloud/asset/v1p2beta1/ListFeedsRequestOrBuilder.java.
2020-05-07 09:29:29,727 synthtool > Replaced '// Generated by the protocol buffer compiler.  DO NOT EDIT!' in /tmp/tmp9y38nf7g/google-cloud-asset-v1p2beta1-java/proto-google-cloud-asset-v1p2beta1-java/src/main/java/com/google/cloud/asset/v1p2beta1/AssetServiceProto.java.
2020-05-07 09:29:29,727 synthtool > Replaced '// Generated by the protocol buffer compiler.  DO NOT EDIT!' in /tmp/tmp9y38nf7g/google-cloud-asset-v1p2beta1-java/proto-google-cloud-asset-v1p2beta1-java/src/main/java/com/google/cloud/asset/v1p2beta1/GcsDestination.java.
2020-05-07 09:29:29,728 synthtool > Replaced '/\\*\n \\* Copyright \\d{4} Google LLC\n \\*\n \\* Licensed under the Apache License, Version 2.0 \\(the "License"\\); you may not use this file except\n \\* in compliance with the License. You may obtain a copy of the License at\n \\*\n \\* http://www.apache.org/licenses/LICENSE-2.0\n \\*\n \\* Unless required by applicable law or agreed to in writing, software distributed under the License\n \\* is distributed on an "AS IS" BASIS, WITHOUT WARRANTIES OR CONDITIONS OF ANY KIND, either express\n \\* or implied. See the License for the specific language governing permissions and limitations under\n \\* the License.\n \\*/\n' in /tmp/tmp9y38nf7g/google-cloud-asset-v1p2beta1-java/proto-google-cloud-asset-v1p2beta1-java/src/main/java/com/google/cloud/asset/v1p2beta1/FeedName.java.
2020-05-07 09:29:29,730 synthtool > Replaced '^package (.*);' in /tmp/tmp9y38nf7g/google-cloud-asset-v1p2beta1-java/grpc-google-cloud-asset-v1p2beta1-java/src/main/java/com/google/cloud/asset/v1p2beta1/AssetServiceGrpc.java.
2020-05-07 09:29:29,764 synthtool > No files in sources [PosixPath('/tmp/tmp9y38nf7g/google-cloud-asset-v1p2beta1-java/gapic-google-cloud-asset-v1p2beta1-java/samples/src')] were copied. Does the source contain files?
2020-05-07 09:29:29,764 synthtool > No files in sources [PosixPath('/tmp/tmp9y38nf7g/google-cloud-asset-v1p2beta1-java/gapic-google-cloud-asset-v1p2beta1-java/samples/resources')] were copied. Does the source contain files?
2020-05-07 09:29:29,764 synthtool > No files in sources [PosixPath('/tmp/tmp9y38nf7g/google-cloud-asset-v1p2beta1-java/gapic-google-cloud-asset-v1p2beta1-java/samples/src/**/*.manifest.yaml')] were copied. Does the source contain files?
2020-05-07 09:29:29,766 synthtool > Running java formatter on 52 files
2020-05-07 09:29:32,749 synthtool > Running java formatter on 1 files
2020-05-07 09:29:34,922 synthtool > Running java formatter on 34 files
2020-05-07 09:29:40,085 synthtool > Running java formatter on 0 files
2020-05-07 09:29:40,772 synthtool > Ensuring dependencies.
2020-05-07 09:29:40,810 synthtool > Cloning googleapis.
2020-05-07 09:29:40,811 synthtool > Using precloned repo /tmp/tmpa46qwsjv/googleapis
2020-05-07 09:29:40,824 synthtool > Generating code for: //google/cloud/asset/v1p1beta1:google-cloud-asset-v1p1beta1-java.
2020-05-07 09:29:41,342 synthtool > Generated code into /tmp/tmpbs5mj0sa.
2020-05-07 09:29:41,343 synthtool > Replaced '// Generated by the protocol buffer compiler.  DO NOT EDIT!' in /tmp/tmpbs5mj0sa/google-cloud-asset-v1p1beta1-java/proto-google-cloud-asset-v1p1beta1-java/src/main/java/com/google/cloud/asset/v1p1beta1/Permissions.java.
2020-05-07 09:29:41,344 synthtool > Replaced '// Generated by the protocol buffer compiler.  DO NOT EDIT!' in /tmp/tmpbs5mj0sa/google-cloud-asset-v1p1beta1-java/proto-google-cloud-asset-v1p1beta1-java/src/main/java/com/google/cloud/asset/v1p1beta1/SearchAllIamPoliciesResponse.java.
2020-05-07 09:29:41,344 synthtool > Replaced '// Generated by the protocol buffer compiler.  DO NOT EDIT!' in /tmp/tmpbs5mj0sa/google-cloud-asset-v1p1beta1-java/proto-google-cloud-asset-v1p1beta1-java/src/main/java/com/google/cloud/asset/v1p1beta1/SearchAllResourcesResponseOrBuilder.java.
2020-05-07 09:29:41,345 synthtool > Replaced '// Generated by the protocol buffer compiler.  DO NOT EDIT!' in /tmp/tmpbs5mj0sa/google-cloud-asset-v1p1beta1-java/proto-google-cloud-asset-v1p1beta1-java/src/main/java/com/google/cloud/asset/v1p1beta1/AssetProto.java.
2020-05-07 09:29:41,345 synthtool > Replaced '// Generated by the protocol buffer compiler.  DO NOT EDIT!' in /tmp/tmpbs5mj0sa/google-cloud-asset-v1p1beta1-java/proto-google-cloud-asset-v1p1beta1-java/src/main/java/com/google/cloud/asset/v1p1beta1/SearchAllIamPoliciesResponseOrBuilder.java.
2020-05-07 09:29:41,345 synthtool > Replaced '// Generated by the protocol buffer compiler.  DO NOT EDIT!' in /tmp/tmpbs5mj0sa/google-cloud-asset-v1p1beta1-java/proto-google-cloud-asset-v1p1beta1-java/src/main/java/com/google/cloud/asset/v1p1beta1/PermissionsOrBuilder.java.
2020-05-07 09:29:41,345 synthtool > Replaced '// Generated by the protocol buffer compiler.  DO NOT EDIT!' in /tmp/tmpbs5mj0sa/google-cloud-asset-v1p1beta1-java/proto-google-cloud-asset-v1p1beta1-java/src/main/java/com/google/cloud/asset/v1p1beta1/SearchAllIamPoliciesRequest.java.
2020-05-07 09:29:41,346 synthtool > Replaced '// Generated by the protocol buffer compiler.  DO NOT EDIT!' in /tmp/tmpbs5mj0sa/google-cloud-asset-v1p1beta1-java/proto-google-cloud-asset-v1p1beta1-java/src/main/java/com/google/cloud/asset/v1p1beta1/SearchAllResourcesResponse.java.
2020-05-07 09:29:41,346 synthtool > Replaced '// Generated by the protocol buffer compiler.  DO NOT EDIT!' in /tmp/tmpbs5mj0sa/google-cloud-asset-v1p1beta1-java/proto-google-cloud-asset-v1p1beta1-java/src/main/java/com/google/cloud/asset/v1p1beta1/SearchAllIamPoliciesRequestOrBuilder.java.
2020-05-07 09:29:41,346 synthtool > Replaced '// Generated by the protocol buffer compiler.  DO NOT EDIT!' in /tmp/tmpbs5mj0sa/google-cloud-asset-v1p1beta1-java/proto-google-cloud-asset-v1p1beta1-java/src/main/java/com/google/cloud/asset/v1p1beta1/StandardResourceMetadataOrBuilder.java.
2020-05-07 09:29:41,346 synthtool > Replaced '// Generated by the protocol buffer compiler.  DO NOT EDIT!' in /tmp/tmpbs5mj0sa/google-cloud-asset-v1p1beta1-java/proto-google-cloud-asset-v1p1beta1-java/src/main/java/com/google/cloud/asset/v1p1beta1/SearchAllResourcesRequestOrBuilder.java.
2020-05-07 09:29:41,347 synthtool > Replaced '// Generated by the protocol buffer compiler.  DO NOT EDIT!' in /tmp/tmpbs5mj0sa/google-cloud-asset-v1p1beta1-java/proto-google-cloud-asset-v1p1beta1-java/src/main/java/com/google/cloud/asset/v1p1beta1/SearchAllResourcesRequest.java.
2020-05-07 09:29:41,347 synthtool > Replaced '// Generated by the protocol buffer compiler.  DO NOT EDIT!' in /tmp/tmpbs5mj0sa/google-cloud-asset-v1p1beta1-java/proto-google-cloud-asset-v1p1beta1-java/src/main/java/com/google/cloud/asset/v1p1beta1/IamPolicySearchResultOrBuilder.java.
2020-05-07 09:29:41,347 synthtool > Replaced '// Generated by the protocol buffer compiler.  DO NOT EDIT!' in /tmp/tmpbs5mj0sa/google-cloud-asset-v1p1beta1-java/proto-google-cloud-asset-v1p1beta1-java/src/main/java/com/google/cloud/asset/v1p1beta1/AssetServiceProto.java.
2020-05-07 09:29:41,348 synthtool > Replaced '// Generated by the protocol buffer compiler.  DO NOT EDIT!' in /tmp/tmpbs5mj0sa/google-cloud-asset-v1p1beta1-java/proto-google-cloud-asset-v1p1beta1-java/src/main/java/com/google/cloud/asset/v1p1beta1/StandardResourceMetadata.java.
2020-05-07 09:29:41,348 synthtool > Replaced '// Generated by the protocol buffer compiler.  DO NOT EDIT!' in /tmp/tmpbs5mj0sa/google-cloud-asset-v1p1beta1-java/proto-google-cloud-asset-v1p1beta1-java/src/main/java/com/google/cloud/asset/v1p1beta1/IamPolicySearchResult.java.
2020-05-07 09:29:41,350 synthtool > No replacements made in [PosixPath('/tmp/tmpbs5mj0sa/google-cloud-asset-v1p1beta1-java/proto-google-cloud-asset-v1p1beta1-java/src/**/*Name.java'), PosixPath('/tmp/tmpbs5mj0sa/google-cloud-asset-v1p1beta1-java/proto-google-cloud-asset-v1p1beta1-java/src/**/*Names.java')] for pattern /\*
 \* Copyright \d{4} Google LLC
 \*
 \* Licensed under the Apache License, Version 2.0 \(the "License"\); you may not use this file except
 \* in compliance with the License. You may obtain a copy of the License at
 \*
 \* http://www.apache.org/licenses/LICENSE-2.0
 \*
 \* Unless required by applicable law or agreed to in writing, software distributed under the License
 \* is distributed on an "AS IS" BASIS, WITHOUT WARRANTIES OR CONDITIONS OF ANY KIND, either express
 \* or implied. See the License for the specific language governing permissions and limitations under
 \* the License.
 \*/
, maybe replacement is no longer needed?
2020-05-07 09:29:41,351 synthtool > Replaced '^package (.*);' in /tmp/tmpbs5mj0sa/google-cloud-asset-v1p1beta1-java/grpc-google-cloud-asset-v1p1beta1-java/src/main/java/com/google/cloud/asset/v1p1beta1/AssetServiceGrpc.java.
2020-05-07 09:29:41,364 synthtool > No files in sources [PosixPath('/tmp/tmpbs5mj0sa/google-cloud-asset-v1p1beta1-java/gapic-google-cloud-asset-v1p1beta1-java/samples/src')] were copied. Does the source contain files?
2020-05-07 09:29:41,365 synthtool > No files in sources [PosixPath('/tmp/tmpbs5mj0sa/google-cloud-asset-v1p1beta1-java/gapic-google-cloud-asset-v1p1beta1-java/samples/resources')] were copied. Does the source contain files?
2020-05-07 09:29:41,366 synthtool > No files in sources [PosixPath('/tmp/tmpbs5mj0sa/google-cloud-asset-v1p1beta1-java/gapic-google-cloud-asset-v1p1beta1-java/samples/src/**/*.manifest.yaml')] were copied. Does the source contain files?
2020-05-07 09:29:41,370 synthtool > Running java formatter on 52 files
2020-05-07 09:29:45,162 synthtool > Running java formatter on 1 files
2020-05-07 09:29:46,769 synthtool > Running java formatter on 16 files
2020-05-07 09:29:49,830 synthtool > Running java formatter on 0 files
2020-05-07 09:29:50,265 synthtool > Ensuring dependencies.
2020-05-07 09:29:50,277 synthtool > Cloning googleapis.
2020-05-07 09:29:50,277 synthtool > Using precloned repo /tmp/tmpa46qwsjv/googleapis
2020-05-07 09:29:50,283 synthtool > Generating code for: //google/cloud/asset/v1p4beta1:google-cloud-asset-v1p4beta1-java.
2020-05-07 09:29:50,525 synthtool > Generated code into /tmp/tmp8ix37ebu.
2020-05-07 09:29:50,526 synthtool > Replaced '// Generated by the protocol buffer compiler.  DO NOT EDIT!' in /tmp/tmp8ix37ebu/google-cloud-asset-v1p4beta1-java/proto-google-cloud-asset-v1p4beta1-java/src/main/java/com/google/cloud/asset/v1p4beta1/AnalyzeIamPolicyResponseOrBuilder.java.
2020-05-07 09:29:50,526 synthtool > Replaced '// Generated by the protocol buffer compiler.  DO NOT EDIT!' in /tmp/tmp8ix37ebu/google-cloud-asset-v1p4beta1-java/proto-google-cloud-asset-v1p4beta1-java/src/main/java/com/google/cloud/asset/v1p4beta1/IamPolicyAnalysisOutputConfig.java.
2020-05-07 09:29:50,526 synthtool > Replaced '// Generated by the protocol buffer compiler.  DO NOT EDIT!' in /tmp/tmp8ix37ebu/google-cloud-asset-v1p4beta1-java/proto-google-cloud-asset-v1p4beta1-java/src/main/java/com/google/cloud/asset/v1p4beta1/AssetProto.java.
2020-05-07 09:29:50,527 synthtool > Replaced '// Generated by the protocol buffer compiler.  DO NOT EDIT!' in /tmp/tmp8ix37ebu/google-cloud-asset-v1p4beta1-java/proto-google-cloud-asset-v1p4beta1-java/src/main/java/com/google/cloud/asset/v1p4beta1/AnalyzeIamPolicyRequestOrBuilder.java.
2020-05-07 09:29:50,527 synthtool > Replaced '// Generated by the protocol buffer compiler.  DO NOT EDIT!' in /tmp/tmp8ix37ebu/google-cloud-asset-v1p4beta1-java/proto-google-cloud-asset-v1p4beta1-java/src/main/java/com/google/cloud/asset/v1p4beta1/ExportIamPolicyAnalysisRequest.java.
2020-05-07 09:29:50,527 synthtool > Replaced '// Generated by the protocol buffer compiler.  DO NOT EDIT!' in /tmp/tmp8ix37ebu/google-cloud-asset-v1p4beta1-java/proto-google-cloud-asset-v1p4beta1-java/src/main/java/com/google/cloud/asset/v1p4beta1/AnalyzeIamPolicyResponse.java.
2020-05-07 09:29:50,528 synthtool > Replaced '// Generated by the protocol buffer compiler.  DO NOT EDIT!' in /tmp/tmp8ix37ebu/google-cloud-asset-v1p4beta1-java/proto-google-cloud-asset-v1p4beta1-java/src/main/java/com/google/cloud/asset/v1p4beta1/IamPolicyAnalysisQueryOrBuilder.java.
2020-05-07 09:29:50,528 synthtool > Replaced '// Generated by the protocol buffer compiler.  DO NOT EDIT!' in /tmp/tmp8ix37ebu/google-cloud-asset-v1p4beta1-java/proto-google-cloud-asset-v1p4beta1-java/src/main/java/com/google/cloud/asset/v1p4beta1/ExportIamPolicyAnalysisRequestOrBuilder.java.
2020-05-07 09:29:50,528 synthtool > Replaced '// Generated by the protocol buffer compiler.  DO NOT EDIT!' in /tmp/tmp8ix37ebu/google-cloud-asset-v1p4beta1-java/proto-google-cloud-asset-v1p4beta1-java/src/main/java/com/google/cloud/asset/v1p4beta1/AnalyzeIamPolicyRequest.java.
2020-05-07 09:29:50,529 synthtool > Replaced '// Generated by the protocol buffer compiler.  DO NOT EDIT!' in /tmp/tmp8ix37ebu/google-cloud-asset-v1p4beta1-java/proto-google-cloud-asset-v1p4beta1-java/src/main/java/com/google/cloud/asset/v1p4beta1/IamPolicyAnalysisQuery.java.
2020-05-07 09:29:50,529 synthtool > Replaced '// Generated by the protocol buffer compiler.  DO NOT EDIT!' in /tmp/tmp8ix37ebu/google-cloud-asset-v1p4beta1-java/proto-google-cloud-asset-v1p4beta1-java/src/main/java/com/google/cloud/asset/v1p4beta1/ExportIamPolicyAnalysisResponse.java.
2020-05-07 09:29:50,529 synthtool > Replaced '// Generated by the protocol buffer compiler.  DO NOT EDIT!' in /tmp/tmp8ix37ebu/google-cloud-asset-v1p4beta1-java/proto-google-cloud-asset-v1p4beta1-java/src/main/java/com/google/cloud/asset/v1p4beta1/ExportIamPolicyAnalysisResponseOrBuilder.java.
2020-05-07 09:29:50,530 synthtool > Replaced '// Generated by the protocol buffer compiler.  DO NOT EDIT!' in /tmp/tmp8ix37ebu/google-cloud-asset-v1p4beta1-java/proto-google-cloud-asset-v1p4beta1-java/src/main/java/com/google/cloud/asset/v1p4beta1/IamPolicyAnalysisResult.java.
2020-05-07 09:29:50,530 synthtool > Replaced '// Generated by the protocol buffer compiler.  DO NOT EDIT!' in /tmp/tmp8ix37ebu/google-cloud-asset-v1p4beta1-java/proto-google-cloud-asset-v1p4beta1-java/src/main/java/com/google/cloud/asset/v1p4beta1/IamPolicyAnalysisResultOrBuilder.java.
2020-05-07 09:29:50,531 synthtool > Replaced '// Generated by the protocol buffer compiler.  DO NOT EDIT!' in /tmp/tmp8ix37ebu/google-cloud-asset-v1p4beta1-java/proto-google-cloud-asset-v1p4beta1-java/src/main/java/com/google/cloud/asset/v1p4beta1/AssetServiceProto.java.
2020-05-07 09:29:50,531 synthtool > Replaced '// Generated by the protocol buffer compiler.  DO NOT EDIT!' in /tmp/tmp8ix37ebu/google-cloud-asset-v1p4beta1-java/proto-google-cloud-asset-v1p4beta1-java/src/main/java/com/google/cloud/asset/v1p4beta1/IamPolicyAnalysisOutputConfigOrBuilder.java.
2020-05-07 09:29:50,532 synthtool > No replacements made in [PosixPath('/tmp/tmp8ix37ebu/google-cloud-asset-v1p4beta1-java/proto-google-cloud-asset-v1p4beta1-java/src/**/*Name.java'), PosixPath('/tmp/tmp8ix37ebu/google-cloud-asset-v1p4beta1-java/proto-google-cloud-asset-v1p4beta1-java/src/**/*Names.java')] for pattern /\*
 \* Copyright \d{4} Google LLC
 \*
 \* Licensed under the Apache License, Version 2.0 \(the "License"\); you may not use this file except
 \* in compliance with the License. You may obtain a copy of the License at
 \*
 \* http://www.apache.org/licenses/LICENSE-2.0
 \*
 \* Unless required by applicable law or agreed to in writing, software distributed under the License
 \* is distributed on an "AS IS" BASIS, WITHOUT WARRANTIES OR CONDITIONS OF ANY KIND, either express
 \* or implied. See the License for the specific language governing permissions and limitations under
 \* the License.
 \*/
, maybe replacement is no longer needed?
2020-05-07 09:29:50,533 synthtool > Replaced '^package (.*);' in /tmp/tmp8ix37ebu/google-cloud-asset-v1p4beta1-java/grpc-google-cloud-asset-v1p4beta1-java/src/main/java/com/google/cloud/asset/v1p4beta1/AssetServiceGrpc.java.
2020-05-07 09:29:50,545 synthtool > No files in sources [PosixPath('/tmp/tmp8ix37ebu/google-cloud-asset-v1p4beta1-java/gapic-google-cloud-asset-v1p4beta1-java/samples/src')] were copied. Does the source contain files?
2020-05-07 09:29:50,545 synthtool > No files in sources [PosixPath('/tmp/tmp8ix37ebu/google-cloud-asset-v1p4beta1-java/gapic-google-cloud-asset-v1p4beta1-java/samples/resources')] were copied. Does the source contain files?
2020-05-07 09:29:50,546 synthtool > No files in sources [PosixPath('/tmp/tmp8ix37ebu/google-cloud-asset-v1p4beta1-java/gapic-google-cloud-asset-v1p4beta1-java/samples/src/**/*.manifest.yaml')] were copied. Does the source contain files?
2020-05-07 09:29:50,547 synthtool > Running java formatter on 52 files
2020-05-07 09:29:53,490 synthtool > Running java formatter on 1 files
2020-05-07 09:29:55,712 synthtool > Running java formatter on 16 files
2020-05-07 09:30:00,928 synthtool > Running java formatter on 0 files
2020-05-07 09:30:01,772 synthtool > Using precloned repo /tmp/tmpa46qwsjv/synthtool
.github/ISSUE_TEMPLATE/bug_report.md
.github/ISSUE_TEMPLATE/feature_request.md
.github/ISSUE_TEMPLATE/support_request.md
.github/PULL_REQUEST_TEMPLATE.md
.github/release-please.yml
.github/trusted-contribution.yml
.kokoro/build.bat
.kokoro/build.sh
.kokoro/coerce_logs.sh
.kokoro/common.cfg
.kokoro/common.sh
.kokoro/continuous/common.cfg
.kokoro/continuous/dependencies.cfg
.kokoro/continuous/integration.cfg
.kokoro/continuous/java11.cfg
.kokoro/continuous/java7.cfg
.kokoro/continuous/java8-osx.cfg
.kokoro/continuous/java8-win.cfg
.kokoro/continuous/java8.cfg
.kokoro/continuous/lint.cfg
.kokoro/continuous/propose_release.cfg
.kokoro/continuous/samples.cfg
.kokoro/dependencies.sh
.kokoro/linkage-monitor.sh
.kokoro/nightly/common.cfg
.kokoro/nightly/dependencies.cfg
.kokoro/nightly/integration.cfg
.kokoro/nightly/java11.cfg
.kokoro/nightly/java7.cfg
.kokoro/nightly/java8-osx.cfg
.kokoro/nightly/java8-win.cfg
.kokoro/nightly/java8.cfg
.kokoro/nightly/lint.cfg
.kokoro/nightly/samples.cfg
.kokoro/presubmit/clirr.cfg
.kokoro/presubmit/common.cfg
.kokoro/presubmit/dependencies.cfg
.kokoro/presubmit/integration.cfg
.kokoro/presubmit/java11.cfg
.kokoro/presubmit/java7.cfg
.kokoro/presubmit/java8-osx.cfg
.kokoro/presubmit/java8-win.cfg
.kokoro/presubmit/java8.cfg
.kokoro/presubmit/linkage-monitor.cfg
.kokoro/presubmit/lint.cfg
.kokoro/presubmit/samples.cfg
.kokoro/release/bump_snapshot.cfg
.kokoro/release/common.cfg
.kokoro/release/common.sh
.kokoro/release/drop.cfg
.kokoro/release/drop.sh
.kokoro/release/promote.cfg
.kokoro/release/promote.sh
.kokoro/release/publish_javadoc.cfg
.kokoro/release/publish_javadoc.sh
.kokoro/release/snapshot.cfg
.kokoro/release/snapshot.sh
.kokoro/release/stage.cfg
.kokoro/release/stage.sh
.kokoro/trampoline.sh
CODE_OF_CONDUCT.md
CONTRIBUTING.md
LICENSE
README.md
codecov.yaml
java.header
license-checks.xml
renovate.json
samples/install-without-bom/pom.xml
samples/pom.xml
samples/snapshot/pom.xml
samples/snippets/pom.xml
2020-05-07 09:30:02,184 synthtool > existing pom file found (samples/pom.xml) - keeping the existing
2020-05-07 09:30:02,185 synthtool > existing pom file found (samples/install-without-bom/pom.xml) - keeping the existing
2020-05-07 09:30:02,187 synthtool > existing pom file found (samples/snapshot/pom.xml) - keeping the existing
2020-05-07 09:30:02,189 synthtool > existing pom file found (samples/snippets/pom.xml) - keeping the existing
2020-05-07 09:30:02,191 synthtool > Wrote metadata to synth.metadata.
