2020-05-07 09:24:17,368 synthtool > Executing /home/chingor/code/synthtool/working_repo/synth.py.
On branch autosynth-logging-self-2
Untracked files:
  (use "git add <file>..." to include in what will be committed)
	logs/

nothing added to commit but untracked files present (use "git add" to track)
2020-05-07 09:24:17,516 synthtool > Ensuring dependencies.
2020-05-07 09:24:17,527 synthtool > Cloning googleapis.
2020-05-07 09:24:17,528 synthtool > Using precloned repo /tmp/tmpa46qwsjv/googleapis
2020-05-07 09:24:17,536 synthtool > Generating code for: //google/cloud/asset/v1:google-cloud-asset-v1-java.
2020-05-07 09:27:17,757 synthtool > Generated code into /tmp/tmpy9hu8fe8.
2020-05-07 09:27:17,762 synthtool > Replaced '// Generated by the protocol buffer compiler.  DO NOT EDIT!' in /tmp/tmpy9hu8fe8/google-cloud-asset-v1-java/proto-google-cloud-asset-v1-java/src/main/java/com/google/cloud/asset/v1/TemporalAsset.java.
2020-05-07 09:27:17,763 synthtool > Replaced '// Generated by the protocol buffer compiler.  DO NOT EDIT!' in /tmp/tmpy9hu8fe8/google-cloud-asset-v1-java/proto-google-cloud-asset-v1-java/src/main/java/com/google/cloud/asset/v1/PubsubDestinationOrBuilder.java.
2020-05-07 09:27:17,763 synthtool > Replaced '// Generated by the protocol buffer compiler.  DO NOT EDIT!' in /tmp/tmpy9hu8fe8/google-cloud-asset-v1-java/proto-google-cloud-asset-v1-java/src/main/java/com/google/cloud/asset/v1/CreateFeedRequestOrBuilder.java.
2020-05-07 09:27:17,763 synthtool > Replaced '// Generated by the protocol buffer compiler.  DO NOT EDIT!' in /tmp/tmpy9hu8fe8/google-cloud-asset-v1-java/proto-google-cloud-asset-v1-java/src/main/java/com/google/cloud/asset/v1/Asset.java.
2020-05-07 09:27:17,763 synthtool > Replaced '// Generated by the protocol buffer compiler.  DO NOT EDIT!' in /tmp/tmpy9hu8fe8/google-cloud-asset-v1-java/proto-google-cloud-asset-v1-java/src/main/java/com/google/cloud/asset/v1/AssetOrBuilder.java.
2020-05-07 09:27:17,764 synthtool > Replaced '// Generated by the protocol buffer compiler.  DO NOT EDIT!' in /tmp/tmpy9hu8fe8/google-cloud-asset-v1-java/proto-google-cloud-asset-v1-java/src/main/java/com/google/cloud/asset/v1/TemporalAssetOrBuilder.java.
2020-05-07 09:27:17,764 synthtool > Replaced '// Generated by the protocol buffer compiler.  DO NOT EDIT!' in /tmp/tmpy9hu8fe8/google-cloud-asset-v1-java/proto-google-cloud-asset-v1-java/src/main/java/com/google/cloud/asset/v1/BigQueryDestination.java.
2020-05-07 09:27:17,764 synthtool > Replaced '// Generated by the protocol buffer compiler.  DO NOT EDIT!' in /tmp/tmpy9hu8fe8/google-cloud-asset-v1-java/proto-google-cloud-asset-v1-java/src/main/java/com/google/cloud/asset/v1/GetFeedRequest.java.
2020-05-07 09:27:17,764 synthtool > Replaced '// Generated by the protocol buffer compiler.  DO NOT EDIT!' in /tmp/tmpy9hu8fe8/google-cloud-asset-v1-java/proto-google-cloud-asset-v1-java/src/main/java/com/google/cloud/asset/v1/OutputConfigOrBuilder.java.
2020-05-07 09:27:17,764 synthtool > Replaced '// Generated by the protocol buffer compiler.  DO NOT EDIT!' in /tmp/tmpy9hu8fe8/google-cloud-asset-v1-java/proto-google-cloud-asset-v1-java/src/main/java/com/google/cloud/asset/v1/AssetProto.java.
2020-05-07 09:27:17,765 synthtool > Replaced '// Generated by the protocol buffer compiler.  DO NOT EDIT!' in /tmp/tmpy9hu8fe8/google-cloud-asset-v1-java/proto-google-cloud-asset-v1-java/src/main/java/com/google/cloud/asset/v1/ResourceOrBuilder.java.
2020-05-07 09:27:17,765 synthtool > Replaced '// Generated by the protocol buffer compiler.  DO NOT EDIT!' in /tmp/tmpy9hu8fe8/google-cloud-asset-v1-java/proto-google-cloud-asset-v1-java/src/main/java/com/google/cloud/asset/v1/ExportAssetsRequest.java.
2020-05-07 09:27:17,765 synthtool > Replaced '// Generated by the protocol buffer compiler.  DO NOT EDIT!' in /tmp/tmpy9hu8fe8/google-cloud-asset-v1-java/proto-google-cloud-asset-v1-java/src/main/java/com/google/cloud/asset/v1/BatchGetAssetsHistoryRequest.java.
2020-05-07 09:27:17,765 synthtool > Replaced '// Generated by the protocol buffer compiler.  DO NOT EDIT!' in /tmp/tmpy9hu8fe8/google-cloud-asset-v1-java/proto-google-cloud-asset-v1-java/src/main/java/com/google/cloud/asset/v1/BigQueryDestinationOrBuilder.java.
2020-05-07 09:27:17,765 synthtool > Replaced '// Generated by the protocol buffer compiler.  DO NOT EDIT!' in /tmp/tmpy9hu8fe8/google-cloud-asset-v1-java/proto-google-cloud-asset-v1-java/src/main/java/com/google/cloud/asset/v1/FeedOutputConfigOrBuilder.java.
2020-05-07 09:27:17,765 synthtool > Replaced '// Generated by the protocol buffer compiler.  DO NOT EDIT!' in /tmp/tmpy9hu8fe8/google-cloud-asset-v1-java/proto-google-cloud-asset-v1-java/src/main/java/com/google/cloud/asset/v1/BatchGetAssetsHistoryRequestOrBuilder.java.
2020-05-07 09:27:17,766 synthtool > Replaced '// Generated by the protocol buffer compiler.  DO NOT EDIT!' in /tmp/tmpy9hu8fe8/google-cloud-asset-v1-java/proto-google-cloud-asset-v1-java/src/main/java/com/google/cloud/asset/v1/GetFeedRequestOrBuilder.java.
2020-05-07 09:27:17,766 synthtool > Replaced '// Generated by the protocol buffer compiler.  DO NOT EDIT!' in /tmp/tmpy9hu8fe8/google-cloud-asset-v1-java/proto-google-cloud-asset-v1-java/src/main/java/com/google/cloud/asset/v1/DeleteFeedRequestOrBuilder.java.
2020-05-07 09:27:17,766 synthtool > Replaced '// Generated by the protocol buffer compiler.  DO NOT EDIT!' in /tmp/tmpy9hu8fe8/google-cloud-asset-v1-java/proto-google-cloud-asset-v1-java/src/main/java/com/google/cloud/asset/v1/ListFeedsRequest.java.
2020-05-07 09:27:17,766 synthtool > Replaced '// Generated by the protocol buffer compiler.  DO NOT EDIT!' in /tmp/tmpy9hu8fe8/google-cloud-asset-v1-java/proto-google-cloud-asset-v1-java/src/main/java/com/google/cloud/asset/v1/GcsDestinationOrBuilder.java.
2020-05-07 09:27:17,766 synthtool > Replaced '// Generated by the protocol buffer compiler.  DO NOT EDIT!' in /tmp/tmpy9hu8fe8/google-cloud-asset-v1-java/proto-google-cloud-asset-v1-java/src/main/java/com/google/cloud/asset/v1/DeleteFeedRequest.java.
2020-05-07 09:27:17,766 synthtool > Replaced '// Generated by the protocol buffer compiler.  DO NOT EDIT!' in /tmp/tmpy9hu8fe8/google-cloud-asset-v1-java/proto-google-cloud-asset-v1-java/src/main/java/com/google/cloud/asset/v1/ContentType.java.
2020-05-07 09:27:17,767 synthtool > Replaced '// Generated by the protocol buffer compiler.  DO NOT EDIT!' in /tmp/tmpy9hu8fe8/google-cloud-asset-v1-java/proto-google-cloud-asset-v1-java/src/main/java/com/google/cloud/asset/v1/BatchGetAssetsHistoryResponseOrBuilder.java.
2020-05-07 09:27:17,767 synthtool > Replaced '// Generated by the protocol buffer compiler.  DO NOT EDIT!' in /tmp/tmpy9hu8fe8/google-cloud-asset-v1-java/proto-google-cloud-asset-v1-java/src/main/java/com/google/cloud/asset/v1/PubsubDestination.java.
2020-05-07 09:27:17,767 synthtool > Replaced '// Generated by the protocol buffer compiler.  DO NOT EDIT!' in /tmp/tmpy9hu8fe8/google-cloud-asset-v1-java/proto-google-cloud-asset-v1-java/src/main/java/com/google/cloud/asset/v1/Feed.java.
2020-05-07 09:27:17,767 synthtool > Replaced '// Generated by the protocol buffer compiler.  DO NOT EDIT!' in /tmp/tmpy9hu8fe8/google-cloud-asset-v1-java/proto-google-cloud-asset-v1-java/src/main/java/com/google/cloud/asset/v1/ExportAssetsResponse.java.
2020-05-07 09:27:17,767 synthtool > Replaced '// Generated by the protocol buffer compiler.  DO NOT EDIT!' in /tmp/tmpy9hu8fe8/google-cloud-asset-v1-java/proto-google-cloud-asset-v1-java/src/main/java/com/google/cloud/asset/v1/ExportAssetsRequestOrBuilder.java.
2020-05-07 09:27:17,768 synthtool > Replaced '// Generated by the protocol buffer compiler.  DO NOT EDIT!' in /tmp/tmpy9hu8fe8/google-cloud-asset-v1-java/proto-google-cloud-asset-v1-java/src/main/java/com/google/cloud/asset/v1/TimeWindow.java.
2020-05-07 09:27:17,768 synthtool > Replaced '// Generated by the protocol buffer compiler.  DO NOT EDIT!' in /tmp/tmpy9hu8fe8/google-cloud-asset-v1-java/proto-google-cloud-asset-v1-java/src/main/java/com/google/cloud/asset/v1/ListFeedsResponse.java.
2020-05-07 09:27:17,768 synthtool > Replaced '// Generated by the protocol buffer compiler.  DO NOT EDIT!' in /tmp/tmpy9hu8fe8/google-cloud-asset-v1-java/proto-google-cloud-asset-v1-java/src/main/java/com/google/cloud/asset/v1/TimeWindowOrBuilder.java.
2020-05-07 09:27:17,768 synthtool > Replaced '// Generated by the protocol buffer compiler.  DO NOT EDIT!' in /tmp/tmpy9hu8fe8/google-cloud-asset-v1-java/proto-google-cloud-asset-v1-java/src/main/java/com/google/cloud/asset/v1/CreateFeedRequest.java.
2020-05-07 09:27:17,769 synthtool > Replaced '// Generated by the protocol buffer compiler.  DO NOT EDIT!' in /tmp/tmpy9hu8fe8/google-cloud-asset-v1-java/proto-google-cloud-asset-v1-java/src/main/java/com/google/cloud/asset/v1/BatchGetAssetsHistoryResponse.java.
2020-05-07 09:27:17,769 synthtool > Replaced '// Generated by the protocol buffer compiler.  DO NOT EDIT!' in /tmp/tmpy9hu8fe8/google-cloud-asset-v1-java/proto-google-cloud-asset-v1-java/src/main/java/com/google/cloud/asset/v1/UpdateFeedRequestOrBuilder.java.
2020-05-07 09:27:17,769 synthtool > Replaced '// Generated by the protocol buffer compiler.  DO NOT EDIT!' in /tmp/tmpy9hu8fe8/google-cloud-asset-v1-java/proto-google-cloud-asset-v1-java/src/main/java/com/google/cloud/asset/v1/ListFeedsResponseOrBuilder.java.
2020-05-07 09:27:17,769 synthtool > Replaced '// Generated by the protocol buffer compiler.  DO NOT EDIT!' in /tmp/tmpy9hu8fe8/google-cloud-asset-v1-java/proto-google-cloud-asset-v1-java/src/main/java/com/google/cloud/asset/v1/OutputConfig.java.
2020-05-07 09:27:17,769 synthtool > Replaced '// Generated by the protocol buffer compiler.  DO NOT EDIT!' in /tmp/tmpy9hu8fe8/google-cloud-asset-v1-java/proto-google-cloud-asset-v1-java/src/main/java/com/google/cloud/asset/v1/Resource.java.
2020-05-07 09:27:17,770 synthtool > Replaced '// Generated by the protocol buffer compiler.  DO NOT EDIT!' in /tmp/tmpy9hu8fe8/google-cloud-asset-v1-java/proto-google-cloud-asset-v1-java/src/main/java/com/google/cloud/asset/v1/UpdateFeedRequest.java.
2020-05-07 09:27:17,770 synthtool > Replaced '// Generated by the protocol buffer compiler.  DO NOT EDIT!' in /tmp/tmpy9hu8fe8/google-cloud-asset-v1-java/proto-google-cloud-asset-v1-java/src/main/java/com/google/cloud/asset/v1/FeedOutputConfig.java.
2020-05-07 09:27:17,770 synthtool > Replaced '// Generated by the protocol buffer compiler.  DO NOT EDIT!' in /tmp/tmpy9hu8fe8/google-cloud-asset-v1-java/proto-google-cloud-asset-v1-java/src/main/java/com/google/cloud/asset/v1/FeedOrBuilder.java.
2020-05-07 09:27:17,770 synthtool > Replaced '// Generated by the protocol buffer compiler.  DO NOT EDIT!' in /tmp/tmpy9hu8fe8/google-cloud-asset-v1-java/proto-google-cloud-asset-v1-java/src/main/java/com/google/cloud/asset/v1/ListFeedsRequestOrBuilder.java.
2020-05-07 09:27:17,770 synthtool > Replaced '// Generated by the protocol buffer compiler.  DO NOT EDIT!' in /tmp/tmpy9hu8fe8/google-cloud-asset-v1-java/proto-google-cloud-asset-v1-java/src/main/java/com/google/cloud/asset/v1/AssetServiceProto.java.
2020-05-07 09:27:17,771 synthtool > Replaced '// Generated by the protocol buffer compiler.  DO NOT EDIT!' in /tmp/tmpy9hu8fe8/google-cloud-asset-v1-java/proto-google-cloud-asset-v1-java/src/main/java/com/google/cloud/asset/v1/GcsDestination.java.
2020-05-07 09:27:17,771 synthtool > Replaced '// Generated by the protocol buffer compiler.  DO NOT EDIT!' in /tmp/tmpy9hu8fe8/google-cloud-asset-v1-java/proto-google-cloud-asset-v1-java/src/main/java/com/google/cloud/asset/v1/ExportAssetsResponseOrBuilder.java.
2020-05-07 09:27:17,774 synthtool > Replaced '/\\*\n \\* Copyright \\d{4} Google LLC\n \\*\n \\* Licensed under the Apache License, Version 2.0 \\(the "License"\\); you may not use this file except\n \\* in compliance with the License. You may obtain a copy of the License at\n \\*\n \\* http://www.apache.org/licenses/LICENSE-2.0\n \\*\n \\* Unless required by applicable law or agreed to in writing, software distributed under the License\n \\* is distributed on an "AS IS" BASIS, WITHOUT WARRANTIES OR CONDITIONS OF ANY KIND, either express\n \\* or implied. See the License for the specific language governing permissions and limitations under\n \\* the License.\n \\*/\n' in /tmp/tmpy9hu8fe8/google-cloud-asset-v1-java/proto-google-cloud-asset-v1-java/src/main/java/com/google/cloud/asset/v1/FeedName.java.
2020-05-07 09:27:17,776 synthtool > Replaced '^package (.*);' in /tmp/tmpy9hu8fe8/google-cloud-asset-v1-java/grpc-google-cloud-asset-v1-java/src/main/java/com/google/cloud/asset/v1/AssetServiceGrpc.java.
2020-05-07 09:27:17,801 synthtool > No files in sources [PosixPath('/tmp/tmpy9hu8fe8/google-cloud-asset-v1-java/gapic-google-cloud-asset-v1-java/samples/src')] were copied. Does the source contain files?
2020-05-07 09:27:17,802 synthtool > No files in sources [PosixPath('/tmp/tmpy9hu8fe8/google-cloud-asset-v1-java/gapic-google-cloud-asset-v1-java/samples/resources')] were copied. Does the source contain files?
2020-05-07 09:27:17,802 synthtool > No files in sources [PosixPath('/tmp/tmpy9hu8fe8/google-cloud-asset-v1-java/gapic-google-cloud-asset-v1-java/samples/src/**/*.manifest.yaml')] were copied. Does the source contain files?
2020-05-07 09:27:17,806 synthtool > Running java formatter on 52 files
2020-05-07 09:27:21,177 synthtool > Running java formatter on 1 files
2020-05-07 09:27:23,198 synthtool > Running java formatter on 45 files
2020-05-07 09:27:28,771 synthtool > Running java formatter on 0 files
2020-05-07 09:27:29,260 synthtool > Ensuring dependencies.
2020-05-07 09:27:29,272 synthtool > Cloning googleapis.
2020-05-07 09:27:29,272 synthtool > Using precloned repo /tmp/tmpa46qwsjv/googleapis
2020-05-07 09:27:29,325 synthtool > Generating code for: //google/cloud/asset/v1beta1:google-cloud-asset-v1beta1-java.
2020-05-07 09:27:33,858 synthtool > Generated code into /tmp/tmpson6u2mf.
2020-05-07 09:27:33,859 synthtool > Replaced '// Generated by the protocol buffer compiler.  DO NOT EDIT!' in /tmp/tmpson6u2mf/google-cloud-asset-v1beta1-java/proto-google-cloud-asset-v1beta1-java/src/main/java/com/google/cloud/asset/v1beta1/TemporalAsset.java.
2020-05-07 09:27:33,859 synthtool > Replaced '// Generated by the protocol buffer compiler.  DO NOT EDIT!' in /tmp/tmpson6u2mf/google-cloud-asset-v1beta1-java/proto-google-cloud-asset-v1beta1-java/src/main/java/com/google/cloud/asset/v1beta1/Asset.java.
2020-05-07 09:27:33,859 synthtool > Replaced '// Generated by the protocol buffer compiler.  DO NOT EDIT!' in /tmp/tmpson6u2mf/google-cloud-asset-v1beta1-java/proto-google-cloud-asset-v1beta1-java/src/main/java/com/google/cloud/asset/v1beta1/AssetOrBuilder.java.
2020-05-07 09:27:33,859 synthtool > Replaced '// Generated by the protocol buffer compiler.  DO NOT EDIT!' in /tmp/tmpson6u2mf/google-cloud-asset-v1beta1-java/proto-google-cloud-asset-v1beta1-java/src/main/java/com/google/cloud/asset/v1beta1/TemporalAssetOrBuilder.java.
2020-05-07 09:27:33,860 synthtool > Replaced '// Generated by the protocol buffer compiler.  DO NOT EDIT!' in /tmp/tmpson6u2mf/google-cloud-asset-v1beta1-java/proto-google-cloud-asset-v1beta1-java/src/main/java/com/google/cloud/asset/v1beta1/OutputConfigOrBuilder.java.
2020-05-07 09:27:33,860 synthtool > Replaced '// Generated by the protocol buffer compiler.  DO NOT EDIT!' in /tmp/tmpson6u2mf/google-cloud-asset-v1beta1-java/proto-google-cloud-asset-v1beta1-java/src/main/java/com/google/cloud/asset/v1beta1/AssetProto.java.
2020-05-07 09:27:33,860 synthtool > Replaced '// Generated by the protocol buffer compiler.  DO NOT EDIT!' in /tmp/tmpson6u2mf/google-cloud-asset-v1beta1-java/proto-google-cloud-asset-v1beta1-java/src/main/java/com/google/cloud/asset/v1beta1/ResourceOrBuilder.java.
2020-05-07 09:27:33,860 synthtool > Replaced '// Generated by the protocol buffer compiler.  DO NOT EDIT!' in /tmp/tmpson6u2mf/google-cloud-asset-v1beta1-java/proto-google-cloud-asset-v1beta1-java/src/main/java/com/google/cloud/asset/v1beta1/ExportAssetsRequest.java.
2020-05-07 09:27:33,860 synthtool > Replaced '// Generated by the protocol buffer compiler.  DO NOT EDIT!' in /tmp/tmpson6u2mf/google-cloud-asset-v1beta1-java/proto-google-cloud-asset-v1beta1-java/src/main/java/com/google/cloud/asset/v1beta1/BatchGetAssetsHistoryRequest.java.
2020-05-07 09:27:33,861 synthtool > Replaced '// Generated by the protocol buffer compiler.  DO NOT EDIT!' in /tmp/tmpson6u2mf/google-cloud-asset-v1beta1-java/proto-google-cloud-asset-v1beta1-java/src/main/java/com/google/cloud/asset/v1beta1/BatchGetAssetsHistoryRequestOrBuilder.java.
2020-05-07 09:27:33,861 synthtool > Replaced '// Generated by the protocol buffer compiler.  DO NOT EDIT!' in /tmp/tmpson6u2mf/google-cloud-asset-v1beta1-java/proto-google-cloud-asset-v1beta1-java/src/main/java/com/google/cloud/asset/v1beta1/GcsDestinationOrBuilder.java.
2020-05-07 09:27:33,861 synthtool > Replaced '// Generated by the protocol buffer compiler.  DO NOT EDIT!' in /tmp/tmpson6u2mf/google-cloud-asset-v1beta1-java/proto-google-cloud-asset-v1beta1-java/src/main/java/com/google/cloud/asset/v1beta1/ContentType.java.
2020-05-07 09:27:33,861 synthtool > Replaced '// Generated by the protocol buffer compiler.  DO NOT EDIT!' in /tmp/tmpson6u2mf/google-cloud-asset-v1beta1-java/proto-google-cloud-asset-v1beta1-java/src/main/java/com/google/cloud/asset/v1beta1/BatchGetAssetsHistoryResponseOrBuilder.java.
2020-05-07 09:27:33,861 synthtool > Replaced '// Generated by the protocol buffer compiler.  DO NOT EDIT!' in /tmp/tmpson6u2mf/google-cloud-asset-v1beta1-java/proto-google-cloud-asset-v1beta1-java/src/main/java/com/google/cloud/asset/v1beta1/ExportAssetsResponse.java.
2020-05-07 09:27:33,862 synthtool > Replaced '// Generated by the protocol buffer compiler.  DO NOT EDIT!' in /tmp/tmpson6u2mf/google-cloud-asset-v1beta1-java/proto-google-cloud-asset-v1beta1-java/src/main/java/com/google/cloud/asset/v1beta1/ExportAssetsRequestOrBuilder.java.
2020-05-07 09:27:33,862 synthtool > Replaced '// Generated by the protocol buffer compiler.  DO NOT EDIT!' in /tmp/tmpson6u2mf/google-cloud-asset-v1beta1-java/proto-google-cloud-asset-v1beta1-java/src/main/java/com/google/cloud/asset/v1beta1/TimeWindow.java.
2020-05-07 09:27:33,862 synthtool > Replaced '// Generated by the protocol buffer compiler.  DO NOT EDIT!' in /tmp/tmpson6u2mf/google-cloud-asset-v1beta1-java/proto-google-cloud-asset-v1beta1-java/src/main/java/com/google/cloud/asset/v1beta1/TimeWindowOrBuilder.java.
2020-05-07 09:27:33,862 synthtool > Replaced '// Generated by the protocol buffer compiler.  DO NOT EDIT!' in /tmp/tmpson6u2mf/google-cloud-asset-v1beta1-java/proto-google-cloud-asset-v1beta1-java/src/main/java/com/google/cloud/asset/v1beta1/BatchGetAssetsHistoryResponse.java.
2020-05-07 09:27:33,862 synthtool > Replaced '// Generated by the protocol buffer compiler.  DO NOT EDIT!' in /tmp/tmpson6u2mf/google-cloud-asset-v1beta1-java/proto-google-cloud-asset-v1beta1-java/src/main/java/com/google/cloud/asset/v1beta1/OutputConfig.java.
2020-05-07 09:27:33,863 synthtool > Replaced '// Generated by the protocol buffer compiler.  DO NOT EDIT!' in /tmp/tmpson6u2mf/google-cloud-asset-v1beta1-java/proto-google-cloud-asset-v1beta1-java/src/main/java/com/google/cloud/asset/v1beta1/Resource.java.
2020-05-07 09:27:33,863 synthtool > Replaced '// Generated by the protocol buffer compiler.  DO NOT EDIT!' in /tmp/tmpson6u2mf/google-cloud-asset-v1beta1-java/proto-google-cloud-asset-v1beta1-java/src/main/java/com/google/cloud/asset/v1beta1/AssetServiceProto.java.
2020-05-07 09:27:33,863 synthtool > Replaced '// Generated by the protocol buffer compiler.  DO NOT EDIT!' in /tmp/tmpson6u2mf/google-cloud-asset-v1beta1-java/proto-google-cloud-asset-v1beta1-java/src/main/java/com/google/cloud/asset/v1beta1/GcsDestination.java.
2020-05-07 09:27:33,863 synthtool > Replaced '// Generated by the protocol buffer compiler.  DO NOT EDIT!' in /tmp/tmpson6u2mf/google-cloud-asset-v1beta1-java/proto-google-cloud-asset-v1beta1-java/src/main/java/com/google/cloud/asset/v1beta1/ExportAssetsResponseOrBuilder.java.
2020-05-07 09:27:33,864 synthtool > No replacements made in [PosixPath('/tmp/tmpson6u2mf/google-cloud-asset-v1beta1-java/proto-google-cloud-asset-v1beta1-java/src/**/*Name.java'), PosixPath('/tmp/tmpson6u2mf/google-cloud-asset-v1beta1-java/proto-google-cloud-asset-v1beta1-java/src/**/*Names.java')] for pattern /\*
 \* Copyright \d{4} Google LLC
 \*
 \* Licensed under the Apache License, Version 2.0 \(the "License"\); you may not use this file except
 \* in compliance with the License. You may obtain a copy of the License at
 \*
 \* http://www.apache.org/licenses/LICENSE-2.0
 \*
 \* Unless required by applicable law or agreed to in writing, software distributed under the License
 \* is distributed on an "AS IS" BASIS, WITHOUT WARRANTIES OR CONDITIONS OF ANY KIND, either express
 \* or implied. See the License for the specific language governing permissions and limitations under
 \* the License.
 \*/
, maybe replacement is no longer needed?
2020-05-07 09:27:33,865 synthtool > Replaced '^package (.*);' in /tmp/tmpson6u2mf/google-cloud-asset-v1beta1-java/grpc-google-cloud-asset-v1beta1-java/src/main/java/com/google/cloud/asset/v1beta1/AssetServiceGrpc.java.
2020-05-07 09:27:33,877 synthtool > No files in sources [PosixPath('/tmp/tmpson6u2mf/google-cloud-asset-v1beta1-java/gapic-google-cloud-asset-v1beta1-java/samples/src')] were copied. Does the source contain files?
2020-05-07 09:27:33,877 synthtool > No files in sources [PosixPath('/tmp/tmpson6u2mf/google-cloud-asset-v1beta1-java/gapic-google-cloud-asset-v1beta1-java/samples/resources')] were copied. Does the source contain files?
2020-05-07 09:27:33,878 synthtool > No files in sources [PosixPath('/tmp/tmpson6u2mf/google-cloud-asset-v1beta1-java/gapic-google-cloud-asset-v1beta1-java/samples/src/**/*.manifest.yaml')] were copied. Does the source contain files?
2020-05-07 09:27:33,879 synthtool > Running java formatter on 52 files
2020-05-07 09:27:36,732 synthtool > Running java formatter on 1 files
2020-05-07 09:27:38,376 synthtool > Running java formatter on 24 files
2020-05-07 09:27:41,383 synthtool > Running java formatter on 0 files
2020-05-07 09:27:41,815 synthtool > Ensuring dependencies.
2020-05-07 09:27:41,824 synthtool > Cloning googleapis.
2020-05-07 09:27:41,825 synthtool > Using precloned repo /tmp/tmpa46qwsjv/googleapis
2020-05-07 09:27:41,831 synthtool > Generating code for: //google/cloud/asset/v1p2beta1:google-cloud-asset-v1p2beta1-java.
2020-05-07 09:27:45,978 synthtool > Generated code into /tmp/tmpvjhghe3k.
2020-05-07 09:27:45,979 synthtool > Replaced '// Generated by the protocol buffer compiler.  DO NOT EDIT!' in /tmp/tmpvjhghe3k/google-cloud-asset-v1p2beta1-java/proto-google-cloud-asset-v1p2beta1-java/src/main/java/com/google/cloud/asset/v1p2beta1/TemporalAsset.java.
2020-05-07 09:27:45,979 synthtool > Replaced '// Generated by the protocol buffer compiler.  DO NOT EDIT!' in /tmp/tmpvjhghe3k/google-cloud-asset-v1p2beta1-java/proto-google-cloud-asset-v1p2beta1-java/src/main/java/com/google/cloud/asset/v1p2beta1/PubsubDestinationOrBuilder.java.
2020-05-07 09:27:45,979 synthtool > Replaced '// Generated by the protocol buffer compiler.  DO NOT EDIT!' in /tmp/tmpvjhghe3k/google-cloud-asset-v1p2beta1-java/proto-google-cloud-asset-v1p2beta1-java/src/main/java/com/google/cloud/asset/v1p2beta1/CreateFeedRequestOrBuilder.java.
2020-05-07 09:27:45,980 synthtool > Replaced '// Generated by the protocol buffer compiler.  DO NOT EDIT!' in /tmp/tmpvjhghe3k/google-cloud-asset-v1p2beta1-java/proto-google-cloud-asset-v1p2beta1-java/src/main/java/com/google/cloud/asset/v1p2beta1/Asset.java.
2020-05-07 09:27:45,980 synthtool > Replaced '// Generated by the protocol buffer compiler.  DO NOT EDIT!' in /tmp/tmpvjhghe3k/google-cloud-asset-v1p2beta1-java/proto-google-cloud-asset-v1p2beta1-java/src/main/java/com/google/cloud/asset/v1p2beta1/AssetOrBuilder.java.
2020-05-07 09:27:45,980 synthtool > Replaced '// Generated by the protocol buffer compiler.  DO NOT EDIT!' in /tmp/tmpvjhghe3k/google-cloud-asset-v1p2beta1-java/proto-google-cloud-asset-v1p2beta1-java/src/main/java/com/google/cloud/asset/v1p2beta1/TemporalAssetOrBuilder.java.
2020-05-07 09:27:45,980 synthtool > Replaced '// Generated by the protocol buffer compiler.  DO NOT EDIT!' in /tmp/tmpvjhghe3k/google-cloud-asset-v1p2beta1-java/proto-google-cloud-asset-v1p2beta1-java/src/main/java/com/google/cloud/asset/v1p2beta1/GetFeedRequest.java.
2020-05-07 09:27:45,980 synthtool > Replaced '// Generated by the protocol buffer compiler.  DO NOT EDIT!' in /tmp/tmpvjhghe3k/google-cloud-asset-v1p2beta1-java/proto-google-cloud-asset-v1p2beta1-java/src/main/java/com/google/cloud/asset/v1p2beta1/OutputConfigOrBuilder.java.
2020-05-07 09:27:45,981 synthtool > Replaced '// Generated by the protocol buffer compiler.  DO NOT EDIT!' in /tmp/tmpvjhghe3k/google-cloud-asset-v1p2beta1-java/proto-google-cloud-asset-v1p2beta1-java/src/main/java/com/google/cloud/asset/v1p2beta1/AssetProto.java.
2020-05-07 09:27:45,981 synthtool > Replaced '// Generated by the protocol buffer compiler.  DO NOT EDIT!' in /tmp/tmpvjhghe3k/google-cloud-asset-v1p2beta1-java/proto-google-cloud-asset-v1p2beta1-java/src/main/java/com/google/cloud/asset/v1p2beta1/ResourceOrBuilder.java.
2020-05-07 09:27:45,981 synthtool > Replaced '// Generated by the protocol buffer compiler.  DO NOT EDIT!' in /tmp/tmpvjhghe3k/google-cloud-asset-v1p2beta1-java/proto-google-cloud-asset-v1p2beta1-java/src/main/java/com/google/cloud/asset/v1p2beta1/FeedOutputConfigOrBuilder.java.
2020-05-07 09:27:45,981 synthtool > Replaced '// Generated by the protocol buffer compiler.  DO NOT EDIT!' in /tmp/tmpvjhghe3k/google-cloud-asset-v1p2beta1-java/proto-google-cloud-asset-v1p2beta1-java/src/main/java/com/google/cloud/asset/v1p2beta1/GetFeedRequestOrBuilder.java.
2020-05-07 09:27:45,981 synthtool > Replaced '// Generated by the protocol buffer compiler.  DO NOT EDIT!' in /tmp/tmpvjhghe3k/google-cloud-asset-v1p2beta1-java/proto-google-cloud-asset-v1p2beta1-java/src/main/java/com/google/cloud/asset/v1p2beta1/DeleteFeedRequestOrBuilder.java.
2020-05-07 09:27:45,981 synthtool > Replaced '// Generated by the protocol buffer compiler.  DO NOT EDIT!' in /tmp/tmpvjhghe3k/google-cloud-asset-v1p2beta1-java/proto-google-cloud-asset-v1p2beta1-java/src/main/java/com/google/cloud/asset/v1p2beta1/ListFeedsRequest.java.
2020-05-07 09:27:45,982 synthtool > Replaced '// Generated by the protocol buffer compiler.  DO NOT EDIT!' in /tmp/tmpvjhghe3k/google-cloud-asset-v1p2beta1-java/proto-google-cloud-asset-v1p2beta1-java/src/main/java/com/google/cloud/asset/v1p2beta1/GcsDestinationOrBuilder.java.
2020-05-07 09:27:45,982 synthtool > Replaced '// Generated by the protocol buffer compiler.  DO NOT EDIT!' in /tmp/tmpvjhghe3k/google-cloud-asset-v1p2beta1-java/proto-google-cloud-asset-v1p2beta1-java/src/main/java/com/google/cloud/asset/v1p2beta1/DeleteFeedRequest.java.
2020-05-07 09:27:45,982 synthtool > Replaced '// Generated by the protocol buffer compiler.  DO NOT EDIT!' in /tmp/tmpvjhghe3k/google-cloud-asset-v1p2beta1-java/proto-google-cloud-asset-v1p2beta1-java/src/main/java/com/google/cloud/asset/v1p2beta1/ContentType.java.
2020-05-07 09:27:45,982 synthtool > Replaced '// Generated by the protocol buffer compiler.  DO NOT EDIT!' in /tmp/tmpvjhghe3k/google-cloud-asset-v1p2beta1-java/proto-google-cloud-asset-v1p2beta1-java/src/main/java/com/google/cloud/asset/v1p2beta1/PubsubDestination.java.
2020-05-07 09:27:45,982 synthtool > Replaced '// Generated by the protocol buffer compiler.  DO NOT EDIT!' in /tmp/tmpvjhghe3k/google-cloud-asset-v1p2beta1-java/proto-google-cloud-asset-v1p2beta1-java/src/main/java/com/google/cloud/asset/v1p2beta1/Feed.java.
2020-05-07 09:27:45,983 synthtool > Replaced '// Generated by the protocol buffer compiler.  DO NOT EDIT!' in /tmp/tmpvjhghe3k/google-cloud-asset-v1p2beta1-java/proto-google-cloud-asset-v1p2beta1-java/src/main/java/com/google/cloud/asset/v1p2beta1/TimeWindow.java.
2020-05-07 09:27:45,983 synthtool > Replaced '// Generated by the protocol buffer compiler.  DO NOT EDIT!' in /tmp/tmpvjhghe3k/google-cloud-asset-v1p2beta1-java/proto-google-cloud-asset-v1p2beta1-java/src/main/java/com/google/cloud/asset/v1p2beta1/ListFeedsResponse.java.
2020-05-07 09:27:45,983 synthtool > Replaced '// Generated by the protocol buffer compiler.  DO NOT EDIT!' in /tmp/tmpvjhghe3k/google-cloud-asset-v1p2beta1-java/proto-google-cloud-asset-v1p2beta1-java/src/main/java/com/google/cloud/asset/v1p2beta1/TimeWindowOrBuilder.java.
2020-05-07 09:27:45,983 synthtool > Replaced '// Generated by the protocol buffer compiler.  DO NOT EDIT!' in /tmp/tmpvjhghe3k/google-cloud-asset-v1p2beta1-java/proto-google-cloud-asset-v1p2beta1-java/src/main/java/com/google/cloud/asset/v1p2beta1/CreateFeedRequest.java.
2020-05-07 09:27:45,983 synthtool > Replaced '// Generated by the protocol buffer compiler.  DO NOT EDIT!' in /tmp/tmpvjhghe3k/google-cloud-asset-v1p2beta1-java/proto-google-cloud-asset-v1p2beta1-java/src/main/java/com/google/cloud/asset/v1p2beta1/UpdateFeedRequestOrBuilder.java.
2020-05-07 09:27:45,984 synthtool > Replaced '// Generated by the protocol buffer compiler.  DO NOT EDIT!' in /tmp/tmpvjhghe3k/google-cloud-asset-v1p2beta1-java/proto-google-cloud-asset-v1p2beta1-java/src/main/java/com/google/cloud/asset/v1p2beta1/ListFeedsResponseOrBuilder.java.
2020-05-07 09:27:45,984 synthtool > Replaced '// Generated by the protocol buffer compiler.  DO NOT EDIT!' in /tmp/tmpvjhghe3k/google-cloud-asset-v1p2beta1-java/proto-google-cloud-asset-v1p2beta1-java/src/main/java/com/google/cloud/asset/v1p2beta1/OutputConfig.java.
2020-05-07 09:27:45,984 synthtool > Replaced '// Generated by the protocol buffer compiler.  DO NOT EDIT!' in /tmp/tmpvjhghe3k/google-cloud-asset-v1p2beta1-java/proto-google-cloud-asset-v1p2beta1-java/src/main/java/com/google/cloud/asset/v1p2beta1/Resource.java.
2020-05-07 09:27:45,984 synthtool > Replaced '// Generated by the protocol buffer compiler.  DO NOT EDIT!' in /tmp/tmpvjhghe3k/google-cloud-asset-v1p2beta1-java/proto-google-cloud-asset-v1p2beta1-java/src/main/java/com/google/cloud/asset/v1p2beta1/UpdateFeedRequest.java.
2020-05-07 09:27:45,984 synthtool > Replaced '// Generated by the protocol buffer compiler.  DO NOT EDIT!' in /tmp/tmpvjhghe3k/google-cloud-asset-v1p2beta1-java/proto-google-cloud-asset-v1p2beta1-java/src/main/java/com/google/cloud/asset/v1p2beta1/FeedOutputConfig.java.
2020-05-07 09:27:45,984 synthtool > Replaced '// Generated by the protocol buffer compiler.  DO NOT EDIT!' in /tmp/tmpvjhghe3k/google-cloud-asset-v1p2beta1-java/proto-google-cloud-asset-v1p2beta1-java/src/main/java/com/google/cloud/asset/v1p2beta1/FeedOrBuilder.java.
2020-05-07 09:27:45,985 synthtool > Replaced '// Generated by the protocol buffer compiler.  DO NOT EDIT!' in /tmp/tmpvjhghe3k/google-cloud-asset-v1p2beta1-java/proto-google-cloud-asset-v1p2beta1-java/src/main/java/com/google/cloud/asset/v1p2beta1/ListFeedsRequestOrBuilder.java.
2020-05-07 09:27:45,985 synthtool > Replaced '// Generated by the protocol buffer compiler.  DO NOT EDIT!' in /tmp/tmpvjhghe3k/google-cloud-asset-v1p2beta1-java/proto-google-cloud-asset-v1p2beta1-java/src/main/java/com/google/cloud/asset/v1p2beta1/AssetServiceProto.java.
2020-05-07 09:27:45,985 synthtool > Replaced '// Generated by the protocol buffer compiler.  DO NOT EDIT!' in /tmp/tmpvjhghe3k/google-cloud-asset-v1p2beta1-java/proto-google-cloud-asset-v1p2beta1-java/src/main/java/com/google/cloud/asset/v1p2beta1/GcsDestination.java.
2020-05-07 09:27:45,986 synthtool > Replaced '/\\*\n \\* Copyright \\d{4} Google LLC\n \\*\n \\* Licensed under the Apache License, Version 2.0 \\(the "License"\\); you may not use this file except\n \\* in compliance with the License. You may obtain a copy of the License at\n \\*\n \\* http://www.apache.org/licenses/LICENSE-2.0\n \\*\n \\* Unless required by applicable law or agreed to in writing, software distributed under the License\n \\* is distributed on an "AS IS" BASIS, WITHOUT WARRANTIES OR CONDITIONS OF ANY KIND, either express\n \\* or implied. See the License for the specific language governing permissions and limitations under\n \\* the License.\n \\*/\n' in /tmp/tmpvjhghe3k/google-cloud-asset-v1p2beta1-java/proto-google-cloud-asset-v1p2beta1-java/src/main/java/com/google/cloud/asset/v1p2beta1/FeedName.java.
2020-05-07 09:27:45,987 synthtool > Replaced '^package (.*);' in /tmp/tmpvjhghe3k/google-cloud-asset-v1p2beta1-java/grpc-google-cloud-asset-v1p2beta1-java/src/main/java/com/google/cloud/asset/v1p2beta1/AssetServiceGrpc.java.
2020-05-07 09:27:46,006 synthtool > No files in sources [PosixPath('/tmp/tmpvjhghe3k/google-cloud-asset-v1p2beta1-java/gapic-google-cloud-asset-v1p2beta1-java/samples/src')] were copied. Does the source contain files?
2020-05-07 09:27:46,006 synthtool > No files in sources [PosixPath('/tmp/tmpvjhghe3k/google-cloud-asset-v1p2beta1-java/gapic-google-cloud-asset-v1p2beta1-java/samples/resources')] were copied. Does the source contain files?
2020-05-07 09:27:46,007 synthtool > No files in sources [PosixPath('/tmp/tmpvjhghe3k/google-cloud-asset-v1p2beta1-java/gapic-google-cloud-asset-v1p2beta1-java/samples/src/**/*.manifest.yaml')] were copied. Does the source contain files?
2020-05-07 09:27:46,008 synthtool > Running java formatter on 52 files
2020-05-07 09:27:48,731 synthtool > Running java formatter on 1 files
2020-05-07 09:27:50,501 synthtool > Running java formatter on 34 files
2020-05-07 09:27:53,806 synthtool > Running java formatter on 0 files
2020-05-07 09:27:54,269 synthtool > Ensuring dependencies.
2020-05-07 09:27:54,279 synthtool > Cloning googleapis.
2020-05-07 09:27:54,279 synthtool > Using precloned repo /tmp/tmpa46qwsjv/googleapis
2020-05-07 09:27:54,284 synthtool > Generating code for: //google/cloud/asset/v1p1beta1:google-cloud-asset-v1p1beta1-java.
2020-05-07 09:27:58,200 synthtool > Generated code into /tmp/tmpobdubdrw.
2020-05-07 09:27:58,201 synthtool > Replaced '// Generated by the protocol buffer compiler.  DO NOT EDIT!' in /tmp/tmpobdubdrw/google-cloud-asset-v1p1beta1-java/proto-google-cloud-asset-v1p1beta1-java/src/main/java/com/google/cloud/asset/v1p1beta1/Permissions.java.
2020-05-07 09:27:58,202 synthtool > Replaced '// Generated by the protocol buffer compiler.  DO NOT EDIT!' in /tmp/tmpobdubdrw/google-cloud-asset-v1p1beta1-java/proto-google-cloud-asset-v1p1beta1-java/src/main/java/com/google/cloud/asset/v1p1beta1/SearchAllIamPoliciesResponse.java.
2020-05-07 09:27:58,202 synthtool > Replaced '// Generated by the protocol buffer compiler.  DO NOT EDIT!' in /tmp/tmpobdubdrw/google-cloud-asset-v1p1beta1-java/proto-google-cloud-asset-v1p1beta1-java/src/main/java/com/google/cloud/asset/v1p1beta1/SearchAllResourcesResponseOrBuilder.java.
2020-05-07 09:27:58,202 synthtool > Replaced '// Generated by the protocol buffer compiler.  DO NOT EDIT!' in /tmp/tmpobdubdrw/google-cloud-asset-v1p1beta1-java/proto-google-cloud-asset-v1p1beta1-java/src/main/java/com/google/cloud/asset/v1p1beta1/AssetProto.java.
2020-05-07 09:27:58,202 synthtool > Replaced '// Generated by the protocol buffer compiler.  DO NOT EDIT!' in /tmp/tmpobdubdrw/google-cloud-asset-v1p1beta1-java/proto-google-cloud-asset-v1p1beta1-java/src/main/java/com/google/cloud/asset/v1p1beta1/SearchAllIamPoliciesResponseOrBuilder.java.
2020-05-07 09:27:58,202 synthtool > Replaced '// Generated by the protocol buffer compiler.  DO NOT EDIT!' in /tmp/tmpobdubdrw/google-cloud-asset-v1p1beta1-java/proto-google-cloud-asset-v1p1beta1-java/src/main/java/com/google/cloud/asset/v1p1beta1/PermissionsOrBuilder.java.
2020-05-07 09:27:58,203 synthtool > Replaced '// Generated by the protocol buffer compiler.  DO NOT EDIT!' in /tmp/tmpobdubdrw/google-cloud-asset-v1p1beta1-java/proto-google-cloud-asset-v1p1beta1-java/src/main/java/com/google/cloud/asset/v1p1beta1/SearchAllIamPoliciesRequest.java.
2020-05-07 09:27:58,203 synthtool > Replaced '// Generated by the protocol buffer compiler.  DO NOT EDIT!' in /tmp/tmpobdubdrw/google-cloud-asset-v1p1beta1-java/proto-google-cloud-asset-v1p1beta1-java/src/main/java/com/google/cloud/asset/v1p1beta1/SearchAllResourcesResponse.java.
2020-05-07 09:27:58,203 synthtool > Replaced '// Generated by the protocol buffer compiler.  DO NOT EDIT!' in /tmp/tmpobdubdrw/google-cloud-asset-v1p1beta1-java/proto-google-cloud-asset-v1p1beta1-java/src/main/java/com/google/cloud/asset/v1p1beta1/SearchAllIamPoliciesRequestOrBuilder.java.
2020-05-07 09:27:58,203 synthtool > Replaced '// Generated by the protocol buffer compiler.  DO NOT EDIT!' in /tmp/tmpobdubdrw/google-cloud-asset-v1p1beta1-java/proto-google-cloud-asset-v1p1beta1-java/src/main/java/com/google/cloud/asset/v1p1beta1/StandardResourceMetadataOrBuilder.java.
2020-05-07 09:27:58,203 synthtool > Replaced '// Generated by the protocol buffer compiler.  DO NOT EDIT!' in /tmp/tmpobdubdrw/google-cloud-asset-v1p1beta1-java/proto-google-cloud-asset-v1p1beta1-java/src/main/java/com/google/cloud/asset/v1p1beta1/SearchAllResourcesRequestOrBuilder.java.
2020-05-07 09:27:58,204 synthtool > Replaced '// Generated by the protocol buffer compiler.  DO NOT EDIT!' in /tmp/tmpobdubdrw/google-cloud-asset-v1p1beta1-java/proto-google-cloud-asset-v1p1beta1-java/src/main/java/com/google/cloud/asset/v1p1beta1/SearchAllResourcesRequest.java.
2020-05-07 09:27:58,204 synthtool > Replaced '// Generated by the protocol buffer compiler.  DO NOT EDIT!' in /tmp/tmpobdubdrw/google-cloud-asset-v1p1beta1-java/proto-google-cloud-asset-v1p1beta1-java/src/main/java/com/google/cloud/asset/v1p1beta1/IamPolicySearchResultOrBuilder.java.
2020-05-07 09:27:58,204 synthtool > Replaced '// Generated by the protocol buffer compiler.  DO NOT EDIT!' in /tmp/tmpobdubdrw/google-cloud-asset-v1p1beta1-java/proto-google-cloud-asset-v1p1beta1-java/src/main/java/com/google/cloud/asset/v1p1beta1/AssetServiceProto.java.
2020-05-07 09:27:58,204 synthtool > Replaced '// Generated by the protocol buffer compiler.  DO NOT EDIT!' in /tmp/tmpobdubdrw/google-cloud-asset-v1p1beta1-java/proto-google-cloud-asset-v1p1beta1-java/src/main/java/com/google/cloud/asset/v1p1beta1/StandardResourceMetadata.java.
2020-05-07 09:27:58,204 synthtool > Replaced '// Generated by the protocol buffer compiler.  DO NOT EDIT!' in /tmp/tmpobdubdrw/google-cloud-asset-v1p1beta1-java/proto-google-cloud-asset-v1p1beta1-java/src/main/java/com/google/cloud/asset/v1p1beta1/IamPolicySearchResult.java.
2020-05-07 09:27:58,206 synthtool > No replacements made in [PosixPath('/tmp/tmpobdubdrw/google-cloud-asset-v1p1beta1-java/proto-google-cloud-asset-v1p1beta1-java/src/**/*Name.java'), PosixPath('/tmp/tmpobdubdrw/google-cloud-asset-v1p1beta1-java/proto-google-cloud-asset-v1p1beta1-java/src/**/*Names.java')] for pattern /\*
 \* Copyright \d{4} Google LLC
 \*
 \* Licensed under the Apache License, Version 2.0 \(the "License"\); you may not use this file except
 \* in compliance with the License. You may obtain a copy of the License at
 \*
 \* http://www.apache.org/licenses/LICENSE-2.0
 \*
 \* Unless required by applicable law or agreed to in writing, software distributed under the License
 \* is distributed on an "AS IS" BASIS, WITHOUT WARRANTIES OR CONDITIONS OF ANY KIND, either express
 \* or implied. See the License for the specific language governing permissions and limitations under
 \* the License.
 \*/
, maybe replacement is no longer needed?
2020-05-07 09:27:58,206 synthtool > Replaced '^package (.*);' in /tmp/tmpobdubdrw/google-cloud-asset-v1p1beta1-java/grpc-google-cloud-asset-v1p1beta1-java/src/main/java/com/google/cloud/asset/v1p1beta1/AssetServiceGrpc.java.
2020-05-07 09:27:58,217 synthtool > No files in sources [PosixPath('/tmp/tmpobdubdrw/google-cloud-asset-v1p1beta1-java/gapic-google-cloud-asset-v1p1beta1-java/samples/src')] were copied. Does the source contain files?
2020-05-07 09:27:58,218 synthtool > No files in sources [PosixPath('/tmp/tmpobdubdrw/google-cloud-asset-v1p1beta1-java/gapic-google-cloud-asset-v1p1beta1-java/samples/resources')] were copied. Does the source contain files?
2020-05-07 09:27:58,218 synthtool > No files in sources [PosixPath('/tmp/tmpobdubdrw/google-cloud-asset-v1p1beta1-java/gapic-google-cloud-asset-v1p1beta1-java/samples/src/**/*.manifest.yaml')] were copied. Does the source contain files?
2020-05-07 09:27:58,219 synthtool > Running java formatter on 52 files
2020-05-07 09:28:01,115 synthtool > Running java formatter on 1 files
2020-05-07 09:28:02,691 synthtool > Running java formatter on 16 files
2020-05-07 09:28:05,538 synthtool > Running java formatter on 0 files
2020-05-07 09:28:05,999 synthtool > Ensuring dependencies.
2020-05-07 09:28:06,009 synthtool > Cloning googleapis.
2020-05-07 09:28:06,009 synthtool > Using precloned repo /tmp/tmpa46qwsjv/googleapis
2020-05-07 09:28:06,014 synthtool > Generating code for: //google/cloud/asset/v1p4beta1:google-cloud-asset-v1p4beta1-java.
2020-05-07 09:28:09,909 synthtool > Generated code into /tmp/tmpo8dqs4vo.
2020-05-07 09:28:09,910 synthtool > Replaced '// Generated by the protocol buffer compiler.  DO NOT EDIT!' in /tmp/tmpo8dqs4vo/google-cloud-asset-v1p4beta1-java/proto-google-cloud-asset-v1p4beta1-java/src/main/java/com/google/cloud/asset/v1p4beta1/AnalyzeIamPolicyResponseOrBuilder.java.
2020-05-07 09:28:09,910 synthtool > Replaced '// Generated by the protocol buffer compiler.  DO NOT EDIT!' in /tmp/tmpo8dqs4vo/google-cloud-asset-v1p4beta1-java/proto-google-cloud-asset-v1p4beta1-java/src/main/java/com/google/cloud/asset/v1p4beta1/IamPolicyAnalysisOutputConfig.java.
2020-05-07 09:28:09,910 synthtool > Replaced '// Generated by the protocol buffer compiler.  DO NOT EDIT!' in /tmp/tmpo8dqs4vo/google-cloud-asset-v1p4beta1-java/proto-google-cloud-asset-v1p4beta1-java/src/main/java/com/google/cloud/asset/v1p4beta1/AssetProto.java.
2020-05-07 09:28:09,911 synthtool > Replaced '// Generated by the protocol buffer compiler.  DO NOT EDIT!' in /tmp/tmpo8dqs4vo/google-cloud-asset-v1p4beta1-java/proto-google-cloud-asset-v1p4beta1-java/src/main/java/com/google/cloud/asset/v1p4beta1/AnalyzeIamPolicyRequestOrBuilder.java.
2020-05-07 09:28:09,911 synthtool > Replaced '// Generated by the protocol buffer compiler.  DO NOT EDIT!' in /tmp/tmpo8dqs4vo/google-cloud-asset-v1p4beta1-java/proto-google-cloud-asset-v1p4beta1-java/src/main/java/com/google/cloud/asset/v1p4beta1/ExportIamPolicyAnalysisRequest.java.
2020-05-07 09:28:09,912 synthtool > Replaced '// Generated by the protocol buffer compiler.  DO NOT EDIT!' in /tmp/tmpo8dqs4vo/google-cloud-asset-v1p4beta1-java/proto-google-cloud-asset-v1p4beta1-java/src/main/java/com/google/cloud/asset/v1p4beta1/AnalyzeIamPolicyResponse.java.
2020-05-07 09:28:09,912 synthtool > Replaced '// Generated by the protocol buffer compiler.  DO NOT EDIT!' in /tmp/tmpo8dqs4vo/google-cloud-asset-v1p4beta1-java/proto-google-cloud-asset-v1p4beta1-java/src/main/java/com/google/cloud/asset/v1p4beta1/IamPolicyAnalysisQueryOrBuilder.java.
2020-05-07 09:28:09,912 synthtool > Replaced '// Generated by the protocol buffer compiler.  DO NOT EDIT!' in /tmp/tmpo8dqs4vo/google-cloud-asset-v1p4beta1-java/proto-google-cloud-asset-v1p4beta1-java/src/main/java/com/google/cloud/asset/v1p4beta1/ExportIamPolicyAnalysisRequestOrBuilder.java.
2020-05-07 09:28:09,913 synthtool > Replaced '// Generated by the protocol buffer compiler.  DO NOT EDIT!' in /tmp/tmpo8dqs4vo/google-cloud-asset-v1p4beta1-java/proto-google-cloud-asset-v1p4beta1-java/src/main/java/com/google/cloud/asset/v1p4beta1/AnalyzeIamPolicyRequest.java.
2020-05-07 09:28:09,914 synthtool > Replaced '// Generated by the protocol buffer compiler.  DO NOT EDIT!' in /tmp/tmpo8dqs4vo/google-cloud-asset-v1p4beta1-java/proto-google-cloud-asset-v1p4beta1-java/src/main/java/com/google/cloud/asset/v1p4beta1/IamPolicyAnalysisQuery.java.
2020-05-07 09:28:09,914 synthtool > Replaced '// Generated by the protocol buffer compiler.  DO NOT EDIT!' in /tmp/tmpo8dqs4vo/google-cloud-asset-v1p4beta1-java/proto-google-cloud-asset-v1p4beta1-java/src/main/java/com/google/cloud/asset/v1p4beta1/ExportIamPolicyAnalysisResponse.java.
2020-05-07 09:28:09,914 synthtool > Replaced '// Generated by the protocol buffer compiler.  DO NOT EDIT!' in /tmp/tmpo8dqs4vo/google-cloud-asset-v1p4beta1-java/proto-google-cloud-asset-v1p4beta1-java/src/main/java/com/google/cloud/asset/v1p4beta1/ExportIamPolicyAnalysisResponseOrBuilder.java.
2020-05-07 09:28:09,916 synthtool > Replaced '// Generated by the protocol buffer compiler.  DO NOT EDIT!' in /tmp/tmpo8dqs4vo/google-cloud-asset-v1p4beta1-java/proto-google-cloud-asset-v1p4beta1-java/src/main/java/com/google/cloud/asset/v1p4beta1/IamPolicyAnalysisResult.java.
2020-05-07 09:28:09,916 synthtool > Replaced '// Generated by the protocol buffer compiler.  DO NOT EDIT!' in /tmp/tmpo8dqs4vo/google-cloud-asset-v1p4beta1-java/proto-google-cloud-asset-v1p4beta1-java/src/main/java/com/google/cloud/asset/v1p4beta1/IamPolicyAnalysisResultOrBuilder.java.
2020-05-07 09:28:09,916 synthtool > Replaced '// Generated by the protocol buffer compiler.  DO NOT EDIT!' in /tmp/tmpo8dqs4vo/google-cloud-asset-v1p4beta1-java/proto-google-cloud-asset-v1p4beta1-java/src/main/java/com/google/cloud/asset/v1p4beta1/AssetServiceProto.java.
2020-05-07 09:28:09,917 synthtool > Replaced '// Generated by the protocol buffer compiler.  DO NOT EDIT!' in /tmp/tmpo8dqs4vo/google-cloud-asset-v1p4beta1-java/proto-google-cloud-asset-v1p4beta1-java/src/main/java/com/google/cloud/asset/v1p4beta1/IamPolicyAnalysisOutputConfigOrBuilder.java.
2020-05-07 09:28:09,919 synthtool > No replacements made in [PosixPath('/tmp/tmpo8dqs4vo/google-cloud-asset-v1p4beta1-java/proto-google-cloud-asset-v1p4beta1-java/src/**/*Name.java'), PosixPath('/tmp/tmpo8dqs4vo/google-cloud-asset-v1p4beta1-java/proto-google-cloud-asset-v1p4beta1-java/src/**/*Names.java')] for pattern /\*
 \* Copyright \d{4} Google LLC
 \*
 \* Licensed under the Apache License, Version 2.0 \(the "License"\); you may not use this file except
 \* in compliance with the License. You may obtain a copy of the License at
 \*
 \* http://www.apache.org/licenses/LICENSE-2.0
 \*
 \* Unless required by applicable law or agreed to in writing, software distributed under the License
 \* is distributed on an "AS IS" BASIS, WITHOUT WARRANTIES OR CONDITIONS OF ANY KIND, either express
 \* or implied. See the License for the specific language governing permissions and limitations under
 \* the License.
 \*/
, maybe replacement is no longer needed?
2020-05-07 09:28:09,920 synthtool > Replaced '^package (.*);' in /tmp/tmpo8dqs4vo/google-cloud-asset-v1p4beta1-java/grpc-google-cloud-asset-v1p4beta1-java/src/main/java/com/google/cloud/asset/v1p4beta1/AssetServiceGrpc.java.
2020-05-07 09:28:09,937 synthtool > No files in sources [PosixPath('/tmp/tmpo8dqs4vo/google-cloud-asset-v1p4beta1-java/gapic-google-cloud-asset-v1p4beta1-java/samples/src')] were copied. Does the source contain files?
2020-05-07 09:28:09,937 synthtool > No files in sources [PosixPath('/tmp/tmpo8dqs4vo/google-cloud-asset-v1p4beta1-java/gapic-google-cloud-asset-v1p4beta1-java/samples/resources')] were copied. Does the source contain files?
2020-05-07 09:28:09,937 synthtool > No files in sources [PosixPath('/tmp/tmpo8dqs4vo/google-cloud-asset-v1p4beta1-java/gapic-google-cloud-asset-v1p4beta1-java/samples/src/**/*.manifest.yaml')] were copied. Does the source contain files?
2020-05-07 09:28:09,939 synthtool > Running java formatter on 52 files
2020-05-07 09:28:12,797 synthtool > Running java formatter on 1 files
2020-05-07 09:28:14,377 synthtool > Running java formatter on 16 files
2020-05-07 09:28:18,804 synthtool > Running java formatter on 0 files
2020-05-07 09:28:19,477 synthtool > Using precloned repo /tmp/tmpa46qwsjv/synthtool
.github/ISSUE_TEMPLATE/bug_report.md
.github/ISSUE_TEMPLATE/feature_request.md
.github/ISSUE_TEMPLATE/support_request.md
.github/PULL_REQUEST_TEMPLATE.md
.github/release-please.yml
.github/trusted-contribution.yml
.kokoro/build.bat
.kokoro/build.sh
.kokoro/coerce_logs.sh
.kokoro/common.cfg
.kokoro/common.sh
.kokoro/continuous/common.cfg
.kokoro/continuous/dependencies.cfg
.kokoro/continuous/integration.cfg
.kokoro/continuous/java11.cfg
.kokoro/continuous/java7.cfg
.kokoro/continuous/java8-osx.cfg
.kokoro/continuous/java8-win.cfg
.kokoro/continuous/java8.cfg
.kokoro/continuous/lint.cfg
.kokoro/continuous/propose_release.cfg
.kokoro/continuous/samples.cfg
.kokoro/dependencies.sh
.kokoro/linkage-monitor.sh
.kokoro/nightly/common.cfg
.kokoro/nightly/dependencies.cfg
.kokoro/nightly/integration.cfg
.kokoro/nightly/java11.cfg
.kokoro/nightly/java7.cfg
.kokoro/nightly/java8-osx.cfg
.kokoro/nightly/java8-win.cfg
.kokoro/nightly/java8.cfg
.kokoro/nightly/lint.cfg
.kokoro/nightly/samples.cfg
.kokoro/presubmit/clirr.cfg
.kokoro/presubmit/common.cfg
.kokoro/presubmit/dependencies.cfg
.kokoro/presubmit/integration.cfg
.kokoro/presubmit/java11.cfg
.kokoro/presubmit/java7.cfg
.kokoro/presubmit/java8-osx.cfg
.kokoro/presubmit/java8-win.cfg
.kokoro/presubmit/java8.cfg
.kokoro/presubmit/linkage-monitor.cfg
.kokoro/presubmit/lint.cfg
.kokoro/presubmit/samples.cfg
.kokoro/release/bump_snapshot.cfg
.kokoro/release/common.cfg
.kokoro/release/common.sh
.kokoro/release/drop.cfg
.kokoro/release/drop.sh
.kokoro/release/promote.cfg
.kokoro/release/promote.sh
.kokoro/release/publish_javadoc.cfg
.kokoro/release/publish_javadoc.sh
.kokoro/release/snapshot.cfg
.kokoro/release/snapshot.sh
.kokoro/release/stage.cfg
.kokoro/release/stage.sh
.kokoro/trampoline.sh
CODE_OF_CONDUCT.md
CONTRIBUTING.md
LICENSE
README.md
codecov.yaml
java.header
license-checks.xml
renovate.json
samples/install-without-bom/pom.xml
samples/pom.xml
samples/snapshot/pom.xml
samples/snippets/pom.xml
2020-05-07 09:28:20,110 synthtool > existing pom file found (samples/pom.xml) - keeping the existing
2020-05-07 09:28:20,113 synthtool > existing pom file found (samples/install-without-bom/pom.xml) - keeping the existing
2020-05-07 09:28:20,114 synthtool > existing pom file found (samples/snapshot/pom.xml) - keeping the existing
2020-05-07 09:28:20,115 synthtool > existing pom file found (samples/snippets/pom.xml) - keeping the existing
2020-05-07 09:28:20,117 synthtool > Wrote metadata to synth.metadata.
