2020-05-07 09:28:20,948 synthtool > Executing /home/chingor/code/synthtool/working_repo/synth.py.
On branch autosynth-logging-self-0
Untracked files:
  (use "git add <file>..." to include in what will be committed)
	logs/

nothing added to commit but untracked files present (use "git add" to track)
2020-05-07 09:28:21,155 synthtool > Ensuring dependencies.
2020-05-07 09:28:21,168 synthtool > Cloning googleapis.
2020-05-07 09:28:21,170 synthtool > Using precloned repo /tmp/tmpa46qwsjv/googleapis
2020-05-07 09:28:21,177 synthtool > Generating code for: //google/cloud/asset/v1:google-cloud-asset-v1-java.
2020-05-07 09:28:21,473 synthtool > Generated code into /tmp/tmp62icxsk2.
2020-05-07 09:28:21,476 synthtool > Replaced '// Generated by the protocol buffer compiler.  DO NOT EDIT!' in /tmp/tmp62icxsk2/google-cloud-asset-v1-java/proto-google-cloud-asset-v1-java/src/main/java/com/google/cloud/asset/v1/TemporalAsset.java.
2020-05-07 09:28:21,476 synthtool > Replaced '// Generated by the protocol buffer compiler.  DO NOT EDIT!' in /tmp/tmp62icxsk2/google-cloud-asset-v1-java/proto-google-cloud-asset-v1-java/src/main/java/com/google/cloud/asset/v1/PubsubDestinationOrBuilder.java.
2020-05-07 09:28:21,477 synthtool > Replaced '// Generated by the protocol buffer compiler.  DO NOT EDIT!' in /tmp/tmp62icxsk2/google-cloud-asset-v1-java/proto-google-cloud-asset-v1-java/src/main/java/com/google/cloud/asset/v1/CreateFeedRequestOrBuilder.java.
2020-05-07 09:28:21,477 synthtool > Replaced '// Generated by the protocol buffer compiler.  DO NOT EDIT!' in /tmp/tmp62icxsk2/google-cloud-asset-v1-java/proto-google-cloud-asset-v1-java/src/main/java/com/google/cloud/asset/v1/Asset.java.
2020-05-07 09:28:21,478 synthtool > Replaced '// Generated by the protocol buffer compiler.  DO NOT EDIT!' in /tmp/tmp62icxsk2/google-cloud-asset-v1-java/proto-google-cloud-asset-v1-java/src/main/java/com/google/cloud/asset/v1/AssetOrBuilder.java.
2020-05-07 09:28:21,478 synthtool > Replaced '// Generated by the protocol buffer compiler.  DO NOT EDIT!' in /tmp/tmp62icxsk2/google-cloud-asset-v1-java/proto-google-cloud-asset-v1-java/src/main/java/com/google/cloud/asset/v1/TemporalAssetOrBuilder.java.
2020-05-07 09:28:21,478 synthtool > Replaced '// Generated by the protocol buffer compiler.  DO NOT EDIT!' in /tmp/tmp62icxsk2/google-cloud-asset-v1-java/proto-google-cloud-asset-v1-java/src/main/java/com/google/cloud/asset/v1/BigQueryDestination.java.
2020-05-07 09:28:21,479 synthtool > Replaced '// Generated by the protocol buffer compiler.  DO NOT EDIT!' in /tmp/tmp62icxsk2/google-cloud-asset-v1-java/proto-google-cloud-asset-v1-java/src/main/java/com/google/cloud/asset/v1/GetFeedRequest.java.
2020-05-07 09:28:21,479 synthtool > Replaced '// Generated by the protocol buffer compiler.  DO NOT EDIT!' in /tmp/tmp62icxsk2/google-cloud-asset-v1-java/proto-google-cloud-asset-v1-java/src/main/java/com/google/cloud/asset/v1/OutputConfigOrBuilder.java.
2020-05-07 09:28:21,479 synthtool > Replaced '// Generated by the protocol buffer compiler.  DO NOT EDIT!' in /tmp/tmp62icxsk2/google-cloud-asset-v1-java/proto-google-cloud-asset-v1-java/src/main/java/com/google/cloud/asset/v1/AssetProto.java.
2020-05-07 09:28:21,480 synthtool > Replaced '// Generated by the protocol buffer compiler.  DO NOT EDIT!' in /tmp/tmp62icxsk2/google-cloud-asset-v1-java/proto-google-cloud-asset-v1-java/src/main/java/com/google/cloud/asset/v1/ResourceOrBuilder.java.
2020-05-07 09:28:21,480 synthtool > Replaced '// Generated by the protocol buffer compiler.  DO NOT EDIT!' in /tmp/tmp62icxsk2/google-cloud-asset-v1-java/proto-google-cloud-asset-v1-java/src/main/java/com/google/cloud/asset/v1/ExportAssetsRequest.java.
2020-05-07 09:28:21,480 synthtool > Replaced '// Generated by the protocol buffer compiler.  DO NOT EDIT!' in /tmp/tmp62icxsk2/google-cloud-asset-v1-java/proto-google-cloud-asset-v1-java/src/main/java/com/google/cloud/asset/v1/BatchGetAssetsHistoryRequest.java.
2020-05-07 09:28:21,481 synthtool > Replaced '// Generated by the protocol buffer compiler.  DO NOT EDIT!' in /tmp/tmp62icxsk2/google-cloud-asset-v1-java/proto-google-cloud-asset-v1-java/src/main/java/com/google/cloud/asset/v1/BigQueryDestinationOrBuilder.java.
2020-05-07 09:28:21,481 synthtool > Replaced '// Generated by the protocol buffer compiler.  DO NOT EDIT!' in /tmp/tmp62icxsk2/google-cloud-asset-v1-java/proto-google-cloud-asset-v1-java/src/main/java/com/google/cloud/asset/v1/FeedOutputConfigOrBuilder.java.
2020-05-07 09:28:21,481 synthtool > Replaced '// Generated by the protocol buffer compiler.  DO NOT EDIT!' in /tmp/tmp62icxsk2/google-cloud-asset-v1-java/proto-google-cloud-asset-v1-java/src/main/java/com/google/cloud/asset/v1/BatchGetAssetsHistoryRequestOrBuilder.java.
2020-05-07 09:28:21,482 synthtool > Replaced '// Generated by the protocol buffer compiler.  DO NOT EDIT!' in /tmp/tmp62icxsk2/google-cloud-asset-v1-java/proto-google-cloud-asset-v1-java/src/main/java/com/google/cloud/asset/v1/GetFeedRequestOrBuilder.java.
2020-05-07 09:28:21,482 synthtool > Replaced '// Generated by the protocol buffer compiler.  DO NOT EDIT!' in /tmp/tmp62icxsk2/google-cloud-asset-v1-java/proto-google-cloud-asset-v1-java/src/main/java/com/google/cloud/asset/v1/DeleteFeedRequestOrBuilder.java.
2020-05-07 09:28:21,482 synthtool > Replaced '// Generated by the protocol buffer compiler.  DO NOT EDIT!' in /tmp/tmp62icxsk2/google-cloud-asset-v1-java/proto-google-cloud-asset-v1-java/src/main/java/com/google/cloud/asset/v1/ListFeedsRequest.java.
2020-05-07 09:28:21,482 synthtool > Replaced '// Generated by the protocol buffer compiler.  DO NOT EDIT!' in /tmp/tmp62icxsk2/google-cloud-asset-v1-java/proto-google-cloud-asset-v1-java/src/main/java/com/google/cloud/asset/v1/GcsDestinationOrBuilder.java.
2020-05-07 09:28:21,483 synthtool > Replaced '// Generated by the protocol buffer compiler.  DO NOT EDIT!' in /tmp/tmp62icxsk2/google-cloud-asset-v1-java/proto-google-cloud-asset-v1-java/src/main/java/com/google/cloud/asset/v1/DeleteFeedRequest.java.
2020-05-07 09:28:21,483 synthtool > Replaced '// Generated by the protocol buffer compiler.  DO NOT EDIT!' in /tmp/tmp62icxsk2/google-cloud-asset-v1-java/proto-google-cloud-asset-v1-java/src/main/java/com/google/cloud/asset/v1/ContentType.java.
2020-05-07 09:28:21,483 synthtool > Replaced '// Generated by the protocol buffer compiler.  DO NOT EDIT!' in /tmp/tmp62icxsk2/google-cloud-asset-v1-java/proto-google-cloud-asset-v1-java/src/main/java/com/google/cloud/asset/v1/BatchGetAssetsHistoryResponseOrBuilder.java.
2020-05-07 09:28:21,484 synthtool > Replaced '// Generated by the protocol buffer compiler.  DO NOT EDIT!' in /tmp/tmp62icxsk2/google-cloud-asset-v1-java/proto-google-cloud-asset-v1-java/src/main/java/com/google/cloud/asset/v1/PubsubDestination.java.
2020-05-07 09:28:21,485 synthtool > Replaced '// Generated by the protocol buffer compiler.  DO NOT EDIT!' in /tmp/tmp62icxsk2/google-cloud-asset-v1-java/proto-google-cloud-asset-v1-java/src/main/java/com/google/cloud/asset/v1/Feed.java.
2020-05-07 09:28:21,486 synthtool > Replaced '// Generated by the protocol buffer compiler.  DO NOT EDIT!' in /tmp/tmp62icxsk2/google-cloud-asset-v1-java/proto-google-cloud-asset-v1-java/src/main/java/com/google/cloud/asset/v1/ExportAssetsResponse.java.
2020-05-07 09:28:21,487 synthtool > Replaced '// Generated by the protocol buffer compiler.  DO NOT EDIT!' in /tmp/tmp62icxsk2/google-cloud-asset-v1-java/proto-google-cloud-asset-v1-java/src/main/java/com/google/cloud/asset/v1/ExportAssetsRequestOrBuilder.java.
2020-05-07 09:28:21,488 synthtool > Replaced '// Generated by the protocol buffer compiler.  DO NOT EDIT!' in /tmp/tmp62icxsk2/google-cloud-asset-v1-java/proto-google-cloud-asset-v1-java/src/main/java/com/google/cloud/asset/v1/TimeWindow.java.
2020-05-07 09:28:21,489 synthtool > Replaced '// Generated by the protocol buffer compiler.  DO NOT EDIT!' in /tmp/tmp62icxsk2/google-cloud-asset-v1-java/proto-google-cloud-asset-v1-java/src/main/java/com/google/cloud/asset/v1/ListFeedsResponse.java.
2020-05-07 09:28:21,490 synthtool > Replaced '// Generated by the protocol buffer compiler.  DO NOT EDIT!' in /tmp/tmp62icxsk2/google-cloud-asset-v1-java/proto-google-cloud-asset-v1-java/src/main/java/com/google/cloud/asset/v1/TimeWindowOrBuilder.java.
2020-05-07 09:28:21,491 synthtool > Replaced '// Generated by the protocol buffer compiler.  DO NOT EDIT!' in /tmp/tmp62icxsk2/google-cloud-asset-v1-java/proto-google-cloud-asset-v1-java/src/main/java/com/google/cloud/asset/v1/CreateFeedRequest.java.
2020-05-07 09:28:21,491 synthtool > Replaced '// Generated by the protocol buffer compiler.  DO NOT EDIT!' in /tmp/tmp62icxsk2/google-cloud-asset-v1-java/proto-google-cloud-asset-v1-java/src/main/java/com/google/cloud/asset/v1/BatchGetAssetsHistoryResponse.java.
2020-05-07 09:28:21,492 synthtool > Replaced '// Generated by the protocol buffer compiler.  DO NOT EDIT!' in /tmp/tmp62icxsk2/google-cloud-asset-v1-java/proto-google-cloud-asset-v1-java/src/main/java/com/google/cloud/asset/v1/UpdateFeedRequestOrBuilder.java.
2020-05-07 09:28:21,492 synthtool > Replaced '// Generated by the protocol buffer compiler.  DO NOT EDIT!' in /tmp/tmp62icxsk2/google-cloud-asset-v1-java/proto-google-cloud-asset-v1-java/src/main/java/com/google/cloud/asset/v1/ListFeedsResponseOrBuilder.java.
2020-05-07 09:28:21,492 synthtool > Replaced '// Generated by the protocol buffer compiler.  DO NOT EDIT!' in /tmp/tmp62icxsk2/google-cloud-asset-v1-java/proto-google-cloud-asset-v1-java/src/main/java/com/google/cloud/asset/v1/OutputConfig.java.
2020-05-07 09:28:21,493 synthtool > Replaced '// Generated by the protocol buffer compiler.  DO NOT EDIT!' in /tmp/tmp62icxsk2/google-cloud-asset-v1-java/proto-google-cloud-asset-v1-java/src/main/java/com/google/cloud/asset/v1/Resource.java.
2020-05-07 09:28:21,493 synthtool > Replaced '// Generated by the protocol buffer compiler.  DO NOT EDIT!' in /tmp/tmp62icxsk2/google-cloud-asset-v1-java/proto-google-cloud-asset-v1-java/src/main/java/com/google/cloud/asset/v1/UpdateFeedRequest.java.
2020-05-07 09:28:21,494 synthtool > Replaced '// Generated by the protocol buffer compiler.  DO NOT EDIT!' in /tmp/tmp62icxsk2/google-cloud-asset-v1-java/proto-google-cloud-asset-v1-java/src/main/java/com/google/cloud/asset/v1/FeedOutputConfig.java.
2020-05-07 09:28:21,494 synthtool > Replaced '// Generated by the protocol buffer compiler.  DO NOT EDIT!' in /tmp/tmp62icxsk2/google-cloud-asset-v1-java/proto-google-cloud-asset-v1-java/src/main/java/com/google/cloud/asset/v1/FeedOrBuilder.java.
2020-05-07 09:28:21,494 synthtool > Replaced '// Generated by the protocol buffer compiler.  DO NOT EDIT!' in /tmp/tmp62icxsk2/google-cloud-asset-v1-java/proto-google-cloud-asset-v1-java/src/main/java/com/google/cloud/asset/v1/ListFeedsRequestOrBuilder.java.
2020-05-07 09:28:21,495 synthtool > Replaced '// Generated by the protocol buffer compiler.  DO NOT EDIT!' in /tmp/tmp62icxsk2/google-cloud-asset-v1-java/proto-google-cloud-asset-v1-java/src/main/java/com/google/cloud/asset/v1/AssetServiceProto.java.
2020-05-07 09:28:21,495 synthtool > Replaced '// Generated by the protocol buffer compiler.  DO NOT EDIT!' in /tmp/tmp62icxsk2/google-cloud-asset-v1-java/proto-google-cloud-asset-v1-java/src/main/java/com/google/cloud/asset/v1/GcsDestination.java.
2020-05-07 09:28:21,495 synthtool > Replaced '// Generated by the protocol buffer compiler.  DO NOT EDIT!' in /tmp/tmp62icxsk2/google-cloud-asset-v1-java/proto-google-cloud-asset-v1-java/src/main/java/com/google/cloud/asset/v1/ExportAssetsResponseOrBuilder.java.
2020-05-07 09:28:21,502 synthtool > Replaced '/\\*\n \\* Copyright \\d{4} Google LLC\n \\*\n \\* Licensed under the Apache License, Version 2.0 \\(the "License"\\); you may not use this file except\n \\* in compliance with the License. You may obtain a copy of the License at\n \\*\n \\* http://www.apache.org/licenses/LICENSE-2.0\n \\*\n \\* Unless required by applicable law or agreed to in writing, software distributed under the License\n \\* is distributed on an "AS IS" BASIS, WITHOUT WARRANTIES OR CONDITIONS OF ANY KIND, either express\n \\* or implied. See the License for the specific language governing permissions and limitations under\n \\* the License.\n \\*/\n' in /tmp/tmp62icxsk2/google-cloud-asset-v1-java/proto-google-cloud-asset-v1-java/src/main/java/com/google/cloud/asset/v1/FeedName.java.
2020-05-07 09:28:21,509 synthtool > Replaced '^package (.*);' in /tmp/tmp62icxsk2/google-cloud-asset-v1-java/grpc-google-cloud-asset-v1-java/src/main/java/com/google/cloud/asset/v1/AssetServiceGrpc.java.
2020-05-07 09:28:21,573 synthtool > No files in sources [PosixPath('/tmp/tmp62icxsk2/google-cloud-asset-v1-java/gapic-google-cloud-asset-v1-java/samples/src')] were copied. Does the source contain files?
2020-05-07 09:28:21,574 synthtool > No files in sources [PosixPath('/tmp/tmp62icxsk2/google-cloud-asset-v1-java/gapic-google-cloud-asset-v1-java/samples/resources')] were copied. Does the source contain files?
2020-05-07 09:28:21,576 synthtool > No files in sources [PosixPath('/tmp/tmp62icxsk2/google-cloud-asset-v1-java/gapic-google-cloud-asset-v1-java/samples/src/**/*.manifest.yaml')] were copied. Does the source contain files?
2020-05-07 09:28:21,581 synthtool > Running java formatter on 52 files
2020-05-07 09:28:24,569 synthtool > Running java formatter on 1 files
2020-05-07 09:28:26,461 synthtool > Running java formatter on 45 files
2020-05-07 09:28:30,560 synthtool > Running java formatter on 0 files
2020-05-07 09:28:30,977 synthtool > Ensuring dependencies.
2020-05-07 09:28:30,987 synthtool > Cloning googleapis.
2020-05-07 09:28:30,988 synthtool > Using precloned repo /tmp/tmpa46qwsjv/googleapis
2020-05-07 09:28:30,993 synthtool > Generating code for: //google/cloud/asset/v1beta1:google-cloud-asset-v1beta1-java.
2020-05-07 09:28:31,229 synthtool > Generated code into /tmp/tmpwtefz82i.
2020-05-07 09:28:31,230 synthtool > Replaced '// Generated by the protocol buffer compiler.  DO NOT EDIT!' in /tmp/tmpwtefz82i/google-cloud-asset-v1beta1-java/proto-google-cloud-asset-v1beta1-java/src/main/java/com/google/cloud/asset/v1beta1/TemporalAsset.java.
2020-05-07 09:28:31,231 synthtool > Replaced '// Generated by the protocol buffer compiler.  DO NOT EDIT!' in /tmp/tmpwtefz82i/google-cloud-asset-v1beta1-java/proto-google-cloud-asset-v1beta1-java/src/main/java/com/google/cloud/asset/v1beta1/Asset.java.
2020-05-07 09:28:31,231 synthtool > Replaced '// Generated by the protocol buffer compiler.  DO NOT EDIT!' in /tmp/tmpwtefz82i/google-cloud-asset-v1beta1-java/proto-google-cloud-asset-v1beta1-java/src/main/java/com/google/cloud/asset/v1beta1/AssetOrBuilder.java.
2020-05-07 09:28:31,231 synthtool > Replaced '// Generated by the protocol buffer compiler.  DO NOT EDIT!' in /tmp/tmpwtefz82i/google-cloud-asset-v1beta1-java/proto-google-cloud-asset-v1beta1-java/src/main/java/com/google/cloud/asset/v1beta1/TemporalAssetOrBuilder.java.
2020-05-07 09:28:31,231 synthtool > Replaced '// Generated by the protocol buffer compiler.  DO NOT EDIT!' in /tmp/tmpwtefz82i/google-cloud-asset-v1beta1-java/proto-google-cloud-asset-v1beta1-java/src/main/java/com/google/cloud/asset/v1beta1/OutputConfigOrBuilder.java.
2020-05-07 09:28:31,231 synthtool > Replaced '// Generated by the protocol buffer compiler.  DO NOT EDIT!' in /tmp/tmpwtefz82i/google-cloud-asset-v1beta1-java/proto-google-cloud-asset-v1beta1-java/src/main/java/com/google/cloud/asset/v1beta1/AssetProto.java.
2020-05-07 09:28:31,231 synthtool > Replaced '// Generated by the protocol buffer compiler.  DO NOT EDIT!' in /tmp/tmpwtefz82i/google-cloud-asset-v1beta1-java/proto-google-cloud-asset-v1beta1-java/src/main/java/com/google/cloud/asset/v1beta1/ResourceOrBuilder.java.
2020-05-07 09:28:31,232 synthtool > Replaced '// Generated by the protocol buffer compiler.  DO NOT EDIT!' in /tmp/tmpwtefz82i/google-cloud-asset-v1beta1-java/proto-google-cloud-asset-v1beta1-java/src/main/java/com/google/cloud/asset/v1beta1/ExportAssetsRequest.java.
2020-05-07 09:28:31,232 synthtool > Replaced '// Generated by the protocol buffer compiler.  DO NOT EDIT!' in /tmp/tmpwtefz82i/google-cloud-asset-v1beta1-java/proto-google-cloud-asset-v1beta1-java/src/main/java/com/google/cloud/asset/v1beta1/BatchGetAssetsHistoryRequest.java.
2020-05-07 09:28:31,232 synthtool > Replaced '// Generated by the protocol buffer compiler.  DO NOT EDIT!' in /tmp/tmpwtefz82i/google-cloud-asset-v1beta1-java/proto-google-cloud-asset-v1beta1-java/src/main/java/com/google/cloud/asset/v1beta1/BatchGetAssetsHistoryRequestOrBuilder.java.
2020-05-07 09:28:31,232 synthtool > Replaced '// Generated by the protocol buffer compiler.  DO NOT EDIT!' in /tmp/tmpwtefz82i/google-cloud-asset-v1beta1-java/proto-google-cloud-asset-v1beta1-java/src/main/java/com/google/cloud/asset/v1beta1/GcsDestinationOrBuilder.java.
2020-05-07 09:28:31,232 synthtool > Replaced '// Generated by the protocol buffer compiler.  DO NOT EDIT!' in /tmp/tmpwtefz82i/google-cloud-asset-v1beta1-java/proto-google-cloud-asset-v1beta1-java/src/main/java/com/google/cloud/asset/v1beta1/ContentType.java.
2020-05-07 09:28:31,233 synthtool > Replaced '// Generated by the protocol buffer compiler.  DO NOT EDIT!' in /tmp/tmpwtefz82i/google-cloud-asset-v1beta1-java/proto-google-cloud-asset-v1beta1-java/src/main/java/com/google/cloud/asset/v1beta1/BatchGetAssetsHistoryResponseOrBuilder.java.
2020-05-07 09:28:31,233 synthtool > Replaced '// Generated by the protocol buffer compiler.  DO NOT EDIT!' in /tmp/tmpwtefz82i/google-cloud-asset-v1beta1-java/proto-google-cloud-asset-v1beta1-java/src/main/java/com/google/cloud/asset/v1beta1/ExportAssetsResponse.java.
2020-05-07 09:28:31,233 synthtool > Replaced '// Generated by the protocol buffer compiler.  DO NOT EDIT!' in /tmp/tmpwtefz82i/google-cloud-asset-v1beta1-java/proto-google-cloud-asset-v1beta1-java/src/main/java/com/google/cloud/asset/v1beta1/ExportAssetsRequestOrBuilder.java.
2020-05-07 09:28:31,233 synthtool > Replaced '// Generated by the protocol buffer compiler.  DO NOT EDIT!' in /tmp/tmpwtefz82i/google-cloud-asset-v1beta1-java/proto-google-cloud-asset-v1beta1-java/src/main/java/com/google/cloud/asset/v1beta1/TimeWindow.java.
2020-05-07 09:28:31,233 synthtool > Replaced '// Generated by the protocol buffer compiler.  DO NOT EDIT!' in /tmp/tmpwtefz82i/google-cloud-asset-v1beta1-java/proto-google-cloud-asset-v1beta1-java/src/main/java/com/google/cloud/asset/v1beta1/TimeWindowOrBuilder.java.
2020-05-07 09:28:31,234 synthtool > Replaced '// Generated by the protocol buffer compiler.  DO NOT EDIT!' in /tmp/tmpwtefz82i/google-cloud-asset-v1beta1-java/proto-google-cloud-asset-v1beta1-java/src/main/java/com/google/cloud/asset/v1beta1/BatchGetAssetsHistoryResponse.java.
2020-05-07 09:28:31,234 synthtool > Replaced '// Generated by the protocol buffer compiler.  DO NOT EDIT!' in /tmp/tmpwtefz82i/google-cloud-asset-v1beta1-java/proto-google-cloud-asset-v1beta1-java/src/main/java/com/google/cloud/asset/v1beta1/OutputConfig.java.
2020-05-07 09:28:31,234 synthtool > Replaced '// Generated by the protocol buffer compiler.  DO NOT EDIT!' in /tmp/tmpwtefz82i/google-cloud-asset-v1beta1-java/proto-google-cloud-asset-v1beta1-java/src/main/java/com/google/cloud/asset/v1beta1/Resource.java.
2020-05-07 09:28:31,234 synthtool > Replaced '// Generated by the protocol buffer compiler.  DO NOT EDIT!' in /tmp/tmpwtefz82i/google-cloud-asset-v1beta1-java/proto-google-cloud-asset-v1beta1-java/src/main/java/com/google/cloud/asset/v1beta1/AssetServiceProto.java.
2020-05-07 09:28:31,235 synthtool > Replaced '// Generated by the protocol buffer compiler.  DO NOT EDIT!' in /tmp/tmpwtefz82i/google-cloud-asset-v1beta1-java/proto-google-cloud-asset-v1beta1-java/src/main/java/com/google/cloud/asset/v1beta1/GcsDestination.java.
2020-05-07 09:28:31,235 synthtool > Replaced '// Generated by the protocol buffer compiler.  DO NOT EDIT!' in /tmp/tmpwtefz82i/google-cloud-asset-v1beta1-java/proto-google-cloud-asset-v1beta1-java/src/main/java/com/google/cloud/asset/v1beta1/ExportAssetsResponseOrBuilder.java.
2020-05-07 09:28:31,236 synthtool > No replacements made in [PosixPath('/tmp/tmpwtefz82i/google-cloud-asset-v1beta1-java/proto-google-cloud-asset-v1beta1-java/src/**/*Name.java'), PosixPath('/tmp/tmpwtefz82i/google-cloud-asset-v1beta1-java/proto-google-cloud-asset-v1beta1-java/src/**/*Names.java')] for pattern /\*
 \* Copyright \d{4} Google LLC
 \*
 \* Licensed under the Apache License, Version 2.0 \(the "License"\); you may not use this file except
 \* in compliance with the License. You may obtain a copy of the License at
 \*
 \* http://www.apache.org/licenses/LICENSE-2.0
 \*
 \* Unless required by applicable law or agreed to in writing, software distributed under the License
 \* is distributed on an "AS IS" BASIS, WITHOUT WARRANTIES OR CONDITIONS OF ANY KIND, either express
 \* or implied. See the License for the specific language governing permissions and limitations under
 \* the License.
 \*/
, maybe replacement is no longer needed?
2020-05-07 09:28:31,237 synthtool > Replaced '^package (.*);' in /tmp/tmpwtefz82i/google-cloud-asset-v1beta1-java/grpc-google-cloud-asset-v1beta1-java/src/main/java/com/google/cloud/asset/v1beta1/AssetServiceGrpc.java.
2020-05-07 09:28:31,250 synthtool > No files in sources [PosixPath('/tmp/tmpwtefz82i/google-cloud-asset-v1beta1-java/gapic-google-cloud-asset-v1beta1-java/samples/src')] were copied. Does the source contain files?
2020-05-07 09:28:31,251 synthtool > No files in sources [PosixPath('/tmp/tmpwtefz82i/google-cloud-asset-v1beta1-java/gapic-google-cloud-asset-v1beta1-java/samples/resources')] were copied. Does the source contain files?
2020-05-07 09:28:31,251 synthtool > No files in sources [PosixPath('/tmp/tmpwtefz82i/google-cloud-asset-v1beta1-java/gapic-google-cloud-asset-v1beta1-java/samples/src/**/*.manifest.yaml')] were copied. Does the source contain files?
2020-05-07 09:28:31,254 synthtool > Running java formatter on 52 files
2020-05-07 09:28:34,336 synthtool > Running java formatter on 1 files
2020-05-07 09:28:35,862 synthtool > Running java formatter on 24 files
2020-05-07 09:28:39,195 synthtool > Running java formatter on 0 files
2020-05-07 09:28:39,624 synthtool > Ensuring dependencies.
2020-05-07 09:28:39,636 synthtool > Cloning googleapis.
2020-05-07 09:28:39,636 synthtool > Using precloned repo /tmp/tmpa46qwsjv/googleapis
2020-05-07 09:28:39,642 synthtool > Generating code for: //google/cloud/asset/v1p2beta1:google-cloud-asset-v1p2beta1-java.
2020-05-07 09:28:39,895 synthtool > Generated code into /tmp/tmpullet8gd.
2020-05-07 09:28:39,897 synthtool > Replaced '// Generated by the protocol buffer compiler.  DO NOT EDIT!' in /tmp/tmpullet8gd/google-cloud-asset-v1p2beta1-java/proto-google-cloud-asset-v1p2beta1-java/src/main/java/com/google/cloud/asset/v1p2beta1/TemporalAsset.java.
2020-05-07 09:28:39,897 synthtool > Replaced '// Generated by the protocol buffer compiler.  DO NOT EDIT!' in /tmp/tmpullet8gd/google-cloud-asset-v1p2beta1-java/proto-google-cloud-asset-v1p2beta1-java/src/main/java/com/google/cloud/asset/v1p2beta1/PubsubDestinationOrBuilder.java.
2020-05-07 09:28:39,898 synthtool > Replaced '// Generated by the protocol buffer compiler.  DO NOT EDIT!' in /tmp/tmpullet8gd/google-cloud-asset-v1p2beta1-java/proto-google-cloud-asset-v1p2beta1-java/src/main/java/com/google/cloud/asset/v1p2beta1/CreateFeedRequestOrBuilder.java.
2020-05-07 09:28:39,898 synthtool > Replaced '// Generated by the protocol buffer compiler.  DO NOT EDIT!' in /tmp/tmpullet8gd/google-cloud-asset-v1p2beta1-java/proto-google-cloud-asset-v1p2beta1-java/src/main/java/com/google/cloud/asset/v1p2beta1/Asset.java.
2020-05-07 09:28:39,898 synthtool > Replaced '// Generated by the protocol buffer compiler.  DO NOT EDIT!' in /tmp/tmpullet8gd/google-cloud-asset-v1p2beta1-java/proto-google-cloud-asset-v1p2beta1-java/src/main/java/com/google/cloud/asset/v1p2beta1/AssetOrBuilder.java.
2020-05-07 09:28:39,899 synthtool > Replaced '// Generated by the protocol buffer compiler.  DO NOT EDIT!' in /tmp/tmpullet8gd/google-cloud-asset-v1p2beta1-java/proto-google-cloud-asset-v1p2beta1-java/src/main/java/com/google/cloud/asset/v1p2beta1/TemporalAssetOrBuilder.java.
2020-05-07 09:28:39,899 synthtool > Replaced '// Generated by the protocol buffer compiler.  DO NOT EDIT!' in /tmp/tmpullet8gd/google-cloud-asset-v1p2beta1-java/proto-google-cloud-asset-v1p2beta1-java/src/main/java/com/google/cloud/asset/v1p2beta1/GetFeedRequest.java.
2020-05-07 09:28:39,899 synthtool > Replaced '// Generated by the protocol buffer compiler.  DO NOT EDIT!' in /tmp/tmpullet8gd/google-cloud-asset-v1p2beta1-java/proto-google-cloud-asset-v1p2beta1-java/src/main/java/com/google/cloud/asset/v1p2beta1/OutputConfigOrBuilder.java.
2020-05-07 09:28:39,900 synthtool > Replaced '// Generated by the protocol buffer compiler.  DO NOT EDIT!' in /tmp/tmpullet8gd/google-cloud-asset-v1p2beta1-java/proto-google-cloud-asset-v1p2beta1-java/src/main/java/com/google/cloud/asset/v1p2beta1/AssetProto.java.
2020-05-07 09:28:39,900 synthtool > Replaced '// Generated by the protocol buffer compiler.  DO NOT EDIT!' in /tmp/tmpullet8gd/google-cloud-asset-v1p2beta1-java/proto-google-cloud-asset-v1p2beta1-java/src/main/java/com/google/cloud/asset/v1p2beta1/ResourceOrBuilder.java.
2020-05-07 09:28:39,900 synthtool > Replaced '// Generated by the protocol buffer compiler.  DO NOT EDIT!' in /tmp/tmpullet8gd/google-cloud-asset-v1p2beta1-java/proto-google-cloud-asset-v1p2beta1-java/src/main/java/com/google/cloud/asset/v1p2beta1/FeedOutputConfigOrBuilder.java.
2020-05-07 09:28:39,900 synthtool > Replaced '// Generated by the protocol buffer compiler.  DO NOT EDIT!' in /tmp/tmpullet8gd/google-cloud-asset-v1p2beta1-java/proto-google-cloud-asset-v1p2beta1-java/src/main/java/com/google/cloud/asset/v1p2beta1/GetFeedRequestOrBuilder.java.
2020-05-07 09:28:39,901 synthtool > Replaced '// Generated by the protocol buffer compiler.  DO NOT EDIT!' in /tmp/tmpullet8gd/google-cloud-asset-v1p2beta1-java/proto-google-cloud-asset-v1p2beta1-java/src/main/java/com/google/cloud/asset/v1p2beta1/DeleteFeedRequestOrBuilder.java.
2020-05-07 09:28:39,901 synthtool > Replaced '// Generated by the protocol buffer compiler.  DO NOT EDIT!' in /tmp/tmpullet8gd/google-cloud-asset-v1p2beta1-java/proto-google-cloud-asset-v1p2beta1-java/src/main/java/com/google/cloud/asset/v1p2beta1/ListFeedsRequest.java.
2020-05-07 09:28:39,901 synthtool > Replaced '// Generated by the protocol buffer compiler.  DO NOT EDIT!' in /tmp/tmpullet8gd/google-cloud-asset-v1p2beta1-java/proto-google-cloud-asset-v1p2beta1-java/src/main/java/com/google/cloud/asset/v1p2beta1/GcsDestinationOrBuilder.java.
2020-05-07 09:28:39,902 synthtool > Replaced '// Generated by the protocol buffer compiler.  DO NOT EDIT!' in /tmp/tmpullet8gd/google-cloud-asset-v1p2beta1-java/proto-google-cloud-asset-v1p2beta1-java/src/main/java/com/google/cloud/asset/v1p2beta1/DeleteFeedRequest.java.
2020-05-07 09:28:39,902 synthtool > Replaced '// Generated by the protocol buffer compiler.  DO NOT EDIT!' in /tmp/tmpullet8gd/google-cloud-asset-v1p2beta1-java/proto-google-cloud-asset-v1p2beta1-java/src/main/java/com/google/cloud/asset/v1p2beta1/ContentType.java.
2020-05-07 09:28:39,902 synthtool > Replaced '// Generated by the protocol buffer compiler.  DO NOT EDIT!' in /tmp/tmpullet8gd/google-cloud-asset-v1p2beta1-java/proto-google-cloud-asset-v1p2beta1-java/src/main/java/com/google/cloud/asset/v1p2beta1/PubsubDestination.java.
2020-05-07 09:28:39,903 synthtool > Replaced '// Generated by the protocol buffer compiler.  DO NOT EDIT!' in /tmp/tmpullet8gd/google-cloud-asset-v1p2beta1-java/proto-google-cloud-asset-v1p2beta1-java/src/main/java/com/google/cloud/asset/v1p2beta1/Feed.java.
2020-05-07 09:28:39,903 synthtool > Replaced '// Generated by the protocol buffer compiler.  DO NOT EDIT!' in /tmp/tmpullet8gd/google-cloud-asset-v1p2beta1-java/proto-google-cloud-asset-v1p2beta1-java/src/main/java/com/google/cloud/asset/v1p2beta1/TimeWindow.java.
2020-05-07 09:28:39,904 synthtool > Replaced '// Generated by the protocol buffer compiler.  DO NOT EDIT!' in /tmp/tmpullet8gd/google-cloud-asset-v1p2beta1-java/proto-google-cloud-asset-v1p2beta1-java/src/main/java/com/google/cloud/asset/v1p2beta1/ListFeedsResponse.java.
2020-05-07 09:28:39,904 synthtool > Replaced '// Generated by the protocol buffer compiler.  DO NOT EDIT!' in /tmp/tmpullet8gd/google-cloud-asset-v1p2beta1-java/proto-google-cloud-asset-v1p2beta1-java/src/main/java/com/google/cloud/asset/v1p2beta1/TimeWindowOrBuilder.java.
2020-05-07 09:28:39,904 synthtool > Replaced '// Generated by the protocol buffer compiler.  DO NOT EDIT!' in /tmp/tmpullet8gd/google-cloud-asset-v1p2beta1-java/proto-google-cloud-asset-v1p2beta1-java/src/main/java/com/google/cloud/asset/v1p2beta1/CreateFeedRequest.java.
2020-05-07 09:28:39,905 synthtool > Replaced '// Generated by the protocol buffer compiler.  DO NOT EDIT!' in /tmp/tmpullet8gd/google-cloud-asset-v1p2beta1-java/proto-google-cloud-asset-v1p2beta1-java/src/main/java/com/google/cloud/asset/v1p2beta1/UpdateFeedRequestOrBuilder.java.
2020-05-07 09:28:39,905 synthtool > Replaced '// Generated by the protocol buffer compiler.  DO NOT EDIT!' in /tmp/tmpullet8gd/google-cloud-asset-v1p2beta1-java/proto-google-cloud-asset-v1p2beta1-java/src/main/java/com/google/cloud/asset/v1p2beta1/ListFeedsResponseOrBuilder.java.
2020-05-07 09:28:39,905 synthtool > Replaced '// Generated by the protocol buffer compiler.  DO NOT EDIT!' in /tmp/tmpullet8gd/google-cloud-asset-v1p2beta1-java/proto-google-cloud-asset-v1p2beta1-java/src/main/java/com/google/cloud/asset/v1p2beta1/OutputConfig.java.
2020-05-07 09:28:39,906 synthtool > Replaced '// Generated by the protocol buffer compiler.  DO NOT EDIT!' in /tmp/tmpullet8gd/google-cloud-asset-v1p2beta1-java/proto-google-cloud-asset-v1p2beta1-java/src/main/java/com/google/cloud/asset/v1p2beta1/Resource.java.
2020-05-07 09:28:39,906 synthtool > Replaced '// Generated by the protocol buffer compiler.  DO NOT EDIT!' in /tmp/tmpullet8gd/google-cloud-asset-v1p2beta1-java/proto-google-cloud-asset-v1p2beta1-java/src/main/java/com/google/cloud/asset/v1p2beta1/UpdateFeedRequest.java.
2020-05-07 09:28:39,907 synthtool > Replaced '// Generated by the protocol buffer compiler.  DO NOT EDIT!' in /tmp/tmpullet8gd/google-cloud-asset-v1p2beta1-java/proto-google-cloud-asset-v1p2beta1-java/src/main/java/com/google/cloud/asset/v1p2beta1/FeedOutputConfig.java.
2020-05-07 09:28:39,907 synthtool > Replaced '// Generated by the protocol buffer compiler.  DO NOT EDIT!' in /tmp/tmpullet8gd/google-cloud-asset-v1p2beta1-java/proto-google-cloud-asset-v1p2beta1-java/src/main/java/com/google/cloud/asset/v1p2beta1/FeedOrBuilder.java.
2020-05-07 09:28:39,908 synthtool > Replaced '// Generated by the protocol buffer compiler.  DO NOT EDIT!' in /tmp/tmpullet8gd/google-cloud-asset-v1p2beta1-java/proto-google-cloud-asset-v1p2beta1-java/src/main/java/com/google/cloud/asset/v1p2beta1/ListFeedsRequestOrBuilder.java.
2020-05-07 09:28:39,909 synthtool > Replaced '// Generated by the protocol buffer compiler.  DO NOT EDIT!' in /tmp/tmpullet8gd/google-cloud-asset-v1p2beta1-java/proto-google-cloud-asset-v1p2beta1-java/src/main/java/com/google/cloud/asset/v1p2beta1/AssetServiceProto.java.
2020-05-07 09:28:39,910 synthtool > Replaced '// Generated by the protocol buffer compiler.  DO NOT EDIT!' in /tmp/tmpullet8gd/google-cloud-asset-v1p2beta1-java/proto-google-cloud-asset-v1p2beta1-java/src/main/java/com/google/cloud/asset/v1p2beta1/GcsDestination.java.
2020-05-07 09:28:39,911 synthtool > Replaced '/\\*\n \\* Copyright \\d{4} Google LLC\n \\*\n \\* Licensed under the Apache License, Version 2.0 \\(the "License"\\); you may not use this file except\n \\* in compliance with the License. You may obtain a copy of the License at\n \\*\n \\* http://www.apache.org/licenses/LICENSE-2.0\n \\*\n \\* Unless required by applicable law or agreed to in writing, software distributed under the License\n \\* is distributed on an "AS IS" BASIS, WITHOUT WARRANTIES OR CONDITIONS OF ANY KIND, either express\n \\* or implied. See the License for the specific language governing permissions and limitations under\n \\* the License.\n \\*/\n' in /tmp/tmpullet8gd/google-cloud-asset-v1p2beta1-java/proto-google-cloud-asset-v1p2beta1-java/src/main/java/com/google/cloud/asset/v1p2beta1/FeedName.java.
2020-05-07 09:28:39,913 synthtool > Replaced '^package (.*);' in /tmp/tmpullet8gd/google-cloud-asset-v1p2beta1-java/grpc-google-cloud-asset-v1p2beta1-java/src/main/java/com/google/cloud/asset/v1p2beta1/AssetServiceGrpc.java.
2020-05-07 09:28:39,934 synthtool > No files in sources [PosixPath('/tmp/tmpullet8gd/google-cloud-asset-v1p2beta1-java/gapic-google-cloud-asset-v1p2beta1-java/samples/src')] were copied. Does the source contain files?
2020-05-07 09:28:39,934 synthtool > No files in sources [PosixPath('/tmp/tmpullet8gd/google-cloud-asset-v1p2beta1-java/gapic-google-cloud-asset-v1p2beta1-java/samples/resources')] were copied. Does the source contain files?
2020-05-07 09:28:39,935 synthtool > No files in sources [PosixPath('/tmp/tmpullet8gd/google-cloud-asset-v1p2beta1-java/gapic-google-cloud-asset-v1p2beta1-java/samples/src/**/*.manifest.yaml')] were copied. Does the source contain files?
2020-05-07 09:28:39,939 synthtool > Running java formatter on 52 files
2020-05-07 09:28:42,769 synthtool > Running java formatter on 1 files
2020-05-07 09:28:44,460 synthtool > Running java formatter on 34 files
2020-05-07 09:28:47,781 synthtool > Running java formatter on 0 files
2020-05-07 09:28:48,188 synthtool > Ensuring dependencies.
2020-05-07 09:28:48,199 synthtool > Cloning googleapis.
2020-05-07 09:28:48,199 synthtool > Using precloned repo /tmp/tmpa46qwsjv/googleapis
2020-05-07 09:28:48,205 synthtool > Generating code for: //google/cloud/asset/v1p1beta1:google-cloud-asset-v1p1beta1-java.
2020-05-07 09:28:48,458 synthtool > Generated code into /tmp/tmp94h39skq.
2020-05-07 09:28:48,460 synthtool > Replaced '// Generated by the protocol buffer compiler.  DO NOT EDIT!' in /tmp/tmp94h39skq/google-cloud-asset-v1p1beta1-java/proto-google-cloud-asset-v1p1beta1-java/src/main/java/com/google/cloud/asset/v1p1beta1/Permissions.java.
2020-05-07 09:28:48,460 synthtool > Replaced '// Generated by the protocol buffer compiler.  DO NOT EDIT!' in /tmp/tmp94h39skq/google-cloud-asset-v1p1beta1-java/proto-google-cloud-asset-v1p1beta1-java/src/main/java/com/google/cloud/asset/v1p1beta1/SearchAllIamPoliciesResponse.java.
2020-05-07 09:28:48,460 synthtool > Replaced '// Generated by the protocol buffer compiler.  DO NOT EDIT!' in /tmp/tmp94h39skq/google-cloud-asset-v1p1beta1-java/proto-google-cloud-asset-v1p1beta1-java/src/main/java/com/google/cloud/asset/v1p1beta1/SearchAllResourcesResponseOrBuilder.java.
2020-05-07 09:28:48,461 synthtool > Replaced '// Generated by the protocol buffer compiler.  DO NOT EDIT!' in /tmp/tmp94h39skq/google-cloud-asset-v1p1beta1-java/proto-google-cloud-asset-v1p1beta1-java/src/main/java/com/google/cloud/asset/v1p1beta1/AssetProto.java.
2020-05-07 09:28:48,461 synthtool > Replaced '// Generated by the protocol buffer compiler.  DO NOT EDIT!' in /tmp/tmp94h39skq/google-cloud-asset-v1p1beta1-java/proto-google-cloud-asset-v1p1beta1-java/src/main/java/com/google/cloud/asset/v1p1beta1/SearchAllIamPoliciesResponseOrBuilder.java.
2020-05-07 09:28:48,461 synthtool > Replaced '// Generated by the protocol buffer compiler.  DO NOT EDIT!' in /tmp/tmp94h39skq/google-cloud-asset-v1p1beta1-java/proto-google-cloud-asset-v1p1beta1-java/src/main/java/com/google/cloud/asset/v1p1beta1/PermissionsOrBuilder.java.
2020-05-07 09:28:48,461 synthtool > Replaced '// Generated by the protocol buffer compiler.  DO NOT EDIT!' in /tmp/tmp94h39skq/google-cloud-asset-v1p1beta1-java/proto-google-cloud-asset-v1p1beta1-java/src/main/java/com/google/cloud/asset/v1p1beta1/SearchAllIamPoliciesRequest.java.
2020-05-07 09:28:48,462 synthtool > Replaced '// Generated by the protocol buffer compiler.  DO NOT EDIT!' in /tmp/tmp94h39skq/google-cloud-asset-v1p1beta1-java/proto-google-cloud-asset-v1p1beta1-java/src/main/java/com/google/cloud/asset/v1p1beta1/SearchAllResourcesResponse.java.
2020-05-07 09:28:48,462 synthtool > Replaced '// Generated by the protocol buffer compiler.  DO NOT EDIT!' in /tmp/tmp94h39skq/google-cloud-asset-v1p1beta1-java/proto-google-cloud-asset-v1p1beta1-java/src/main/java/com/google/cloud/asset/v1p1beta1/SearchAllIamPoliciesRequestOrBuilder.java.
2020-05-07 09:28:48,462 synthtool > Replaced '// Generated by the protocol buffer compiler.  DO NOT EDIT!' in /tmp/tmp94h39skq/google-cloud-asset-v1p1beta1-java/proto-google-cloud-asset-v1p1beta1-java/src/main/java/com/google/cloud/asset/v1p1beta1/StandardResourceMetadataOrBuilder.java.
2020-05-07 09:28:48,463 synthtool > Replaced '// Generated by the protocol buffer compiler.  DO NOT EDIT!' in /tmp/tmp94h39skq/google-cloud-asset-v1p1beta1-java/proto-google-cloud-asset-v1p1beta1-java/src/main/java/com/google/cloud/asset/v1p1beta1/SearchAllResourcesRequestOrBuilder.java.
2020-05-07 09:28:48,463 synthtool > Replaced '// Generated by the protocol buffer compiler.  DO NOT EDIT!' in /tmp/tmp94h39skq/google-cloud-asset-v1p1beta1-java/proto-google-cloud-asset-v1p1beta1-java/src/main/java/com/google/cloud/asset/v1p1beta1/SearchAllResourcesRequest.java.
2020-05-07 09:28:48,463 synthtool > Replaced '// Generated by the protocol buffer compiler.  DO NOT EDIT!' in /tmp/tmp94h39skq/google-cloud-asset-v1p1beta1-java/proto-google-cloud-asset-v1p1beta1-java/src/main/java/com/google/cloud/asset/v1p1beta1/IamPolicySearchResultOrBuilder.java.
2020-05-07 09:28:48,464 synthtool > Replaced '// Generated by the protocol buffer compiler.  DO NOT EDIT!' in /tmp/tmp94h39skq/google-cloud-asset-v1p1beta1-java/proto-google-cloud-asset-v1p1beta1-java/src/main/java/com/google/cloud/asset/v1p1beta1/AssetServiceProto.java.
2020-05-07 09:28:48,464 synthtool > Replaced '// Generated by the protocol buffer compiler.  DO NOT EDIT!' in /tmp/tmp94h39skq/google-cloud-asset-v1p1beta1-java/proto-google-cloud-asset-v1p1beta1-java/src/main/java/com/google/cloud/asset/v1p1beta1/StandardResourceMetadata.java.
2020-05-07 09:28:48,465 synthtool > Replaced '// Generated by the protocol buffer compiler.  DO NOT EDIT!' in /tmp/tmp94h39skq/google-cloud-asset-v1p1beta1-java/proto-google-cloud-asset-v1p1beta1-java/src/main/java/com/google/cloud/asset/v1p1beta1/IamPolicySearchResult.java.
2020-05-07 09:28:48,467 synthtool > No replacements made in [PosixPath('/tmp/tmp94h39skq/google-cloud-asset-v1p1beta1-java/proto-google-cloud-asset-v1p1beta1-java/src/**/*Name.java'), PosixPath('/tmp/tmp94h39skq/google-cloud-asset-v1p1beta1-java/proto-google-cloud-asset-v1p1beta1-java/src/**/*Names.java')] for pattern /\*
 \* Copyright \d{4} Google LLC
 \*
 \* Licensed under the Apache License, Version 2.0 \(the "License"\); you may not use this file except
 \* in compliance with the License. You may obtain a copy of the License at
 \*
 \* http://www.apache.org/licenses/LICENSE-2.0
 \*
 \* Unless required by applicable law or agreed to in writing, software distributed under the License
 \* is distributed on an "AS IS" BASIS, WITHOUT WARRANTIES OR CONDITIONS OF ANY KIND, either express
 \* or implied. See the License for the specific language governing permissions and limitations under
 \* the License.
 \*/
, maybe replacement is no longer needed?
2020-05-07 09:28:48,468 synthtool > Replaced '^package (.*);' in /tmp/tmp94h39skq/google-cloud-asset-v1p1beta1-java/grpc-google-cloud-asset-v1p1beta1-java/src/main/java/com/google/cloud/asset/v1p1beta1/AssetServiceGrpc.java.
2020-05-07 09:28:48,483 synthtool > No files in sources [PosixPath('/tmp/tmp94h39skq/google-cloud-asset-v1p1beta1-java/gapic-google-cloud-asset-v1p1beta1-java/samples/src')] were copied. Does the source contain files?
2020-05-07 09:28:48,483 synthtool > No files in sources [PosixPath('/tmp/tmp94h39skq/google-cloud-asset-v1p1beta1-java/gapic-google-cloud-asset-v1p1beta1-java/samples/resources')] were copied. Does the source contain files?
2020-05-07 09:28:48,484 synthtool > No files in sources [PosixPath('/tmp/tmp94h39skq/google-cloud-asset-v1p1beta1-java/gapic-google-cloud-asset-v1p1beta1-java/samples/src/**/*.manifest.yaml')] were copied. Does the source contain files?
2020-05-07 09:28:48,485 synthtool > Running java formatter on 52 files
2020-05-07 09:28:51,699 synthtool > Running java formatter on 1 files
2020-05-07 09:28:54,023 synthtool > Running java formatter on 16 files
2020-05-07 09:28:58,928 synthtool > Running java formatter on 0 files
2020-05-07 09:28:59,341 synthtool > Ensuring dependencies.
2020-05-07 09:28:59,353 synthtool > Cloning googleapis.
2020-05-07 09:28:59,353 synthtool > Using precloned repo /tmp/tmpa46qwsjv/googleapis
2020-05-07 09:28:59,359 synthtool > Generating code for: //google/cloud/asset/v1p4beta1:google-cloud-asset-v1p4beta1-java.
2020-05-07 09:28:59,694 synthtool > Generated code into /tmp/tmpj48wnptz.
2020-05-07 09:28:59,696 synthtool > Replaced '// Generated by the protocol buffer compiler.  DO NOT EDIT!' in /tmp/tmpj48wnptz/google-cloud-asset-v1p4beta1-java/proto-google-cloud-asset-v1p4beta1-java/src/main/java/com/google/cloud/asset/v1p4beta1/AnalyzeIamPolicyResponseOrBuilder.java.
2020-05-07 09:28:59,696 synthtool > Replaced '// Generated by the protocol buffer compiler.  DO NOT EDIT!' in /tmp/tmpj48wnptz/google-cloud-asset-v1p4beta1-java/proto-google-cloud-asset-v1p4beta1-java/src/main/java/com/google/cloud/asset/v1p4beta1/IamPolicyAnalysisOutputConfig.java.
2020-05-07 09:28:59,696 synthtool > Replaced '// Generated by the protocol buffer compiler.  DO NOT EDIT!' in /tmp/tmpj48wnptz/google-cloud-asset-v1p4beta1-java/proto-google-cloud-asset-v1p4beta1-java/src/main/java/com/google/cloud/asset/v1p4beta1/AssetProto.java.
2020-05-07 09:28:59,697 synthtool > Replaced '// Generated by the protocol buffer compiler.  DO NOT EDIT!' in /tmp/tmpj48wnptz/google-cloud-asset-v1p4beta1-java/proto-google-cloud-asset-v1p4beta1-java/src/main/java/com/google/cloud/asset/v1p4beta1/AnalyzeIamPolicyRequestOrBuilder.java.
2020-05-07 09:28:59,697 synthtool > Replaced '// Generated by the protocol buffer compiler.  DO NOT EDIT!' in /tmp/tmpj48wnptz/google-cloud-asset-v1p4beta1-java/proto-google-cloud-asset-v1p4beta1-java/src/main/java/com/google/cloud/asset/v1p4beta1/ExportIamPolicyAnalysisRequest.java.
2020-05-07 09:28:59,698 synthtool > Replaced '// Generated by the protocol buffer compiler.  DO NOT EDIT!' in /tmp/tmpj48wnptz/google-cloud-asset-v1p4beta1-java/proto-google-cloud-asset-v1p4beta1-java/src/main/java/com/google/cloud/asset/v1p4beta1/AnalyzeIamPolicyResponse.java.
2020-05-07 09:28:59,698 synthtool > Replaced '// Generated by the protocol buffer compiler.  DO NOT EDIT!' in /tmp/tmpj48wnptz/google-cloud-asset-v1p4beta1-java/proto-google-cloud-asset-v1p4beta1-java/src/main/java/com/google/cloud/asset/v1p4beta1/IamPolicyAnalysisQueryOrBuilder.java.
2020-05-07 09:28:59,698 synthtool > Replaced '// Generated by the protocol buffer compiler.  DO NOT EDIT!' in /tmp/tmpj48wnptz/google-cloud-asset-v1p4beta1-java/proto-google-cloud-asset-v1p4beta1-java/src/main/java/com/google/cloud/asset/v1p4beta1/ExportIamPolicyAnalysisRequestOrBuilder.java.
2020-05-07 09:28:59,698 synthtool > Replaced '// Generated by the protocol buffer compiler.  DO NOT EDIT!' in /tmp/tmpj48wnptz/google-cloud-asset-v1p4beta1-java/proto-google-cloud-asset-v1p4beta1-java/src/main/java/com/google/cloud/asset/v1p4beta1/AnalyzeIamPolicyRequest.java.
2020-05-07 09:28:59,699 synthtool > Replaced '// Generated by the protocol buffer compiler.  DO NOT EDIT!' in /tmp/tmpj48wnptz/google-cloud-asset-v1p4beta1-java/proto-google-cloud-asset-v1p4beta1-java/src/main/java/com/google/cloud/asset/v1p4beta1/IamPolicyAnalysisQuery.java.
2020-05-07 09:28:59,699 synthtool > Replaced '// Generated by the protocol buffer compiler.  DO NOT EDIT!' in /tmp/tmpj48wnptz/google-cloud-asset-v1p4beta1-java/proto-google-cloud-asset-v1p4beta1-java/src/main/java/com/google/cloud/asset/v1p4beta1/ExportIamPolicyAnalysisResponse.java.
2020-05-07 09:28:59,699 synthtool > Replaced '// Generated by the protocol buffer compiler.  DO NOT EDIT!' in /tmp/tmpj48wnptz/google-cloud-asset-v1p4beta1-java/proto-google-cloud-asset-v1p4beta1-java/src/main/java/com/google/cloud/asset/v1p4beta1/ExportIamPolicyAnalysisResponseOrBuilder.java.
2020-05-07 09:28:59,700 synthtool > Replaced '// Generated by the protocol buffer compiler.  DO NOT EDIT!' in /tmp/tmpj48wnptz/google-cloud-asset-v1p4beta1-java/proto-google-cloud-asset-v1p4beta1-java/src/main/java/com/google/cloud/asset/v1p4beta1/IamPolicyAnalysisResult.java.
2020-05-07 09:28:59,700 synthtool > Replaced '// Generated by the protocol buffer compiler.  DO NOT EDIT!' in /tmp/tmpj48wnptz/google-cloud-asset-v1p4beta1-java/proto-google-cloud-asset-v1p4beta1-java/src/main/java/com/google/cloud/asset/v1p4beta1/IamPolicyAnalysisResultOrBuilder.java.
2020-05-07 09:28:59,701 synthtool > Replaced '// Generated by the protocol buffer compiler.  DO NOT EDIT!' in /tmp/tmpj48wnptz/google-cloud-asset-v1p4beta1-java/proto-google-cloud-asset-v1p4beta1-java/src/main/java/com/google/cloud/asset/v1p4beta1/AssetServiceProto.java.
2020-05-07 09:28:59,701 synthtool > Replaced '// Generated by the protocol buffer compiler.  DO NOT EDIT!' in /tmp/tmpj48wnptz/google-cloud-asset-v1p4beta1-java/proto-google-cloud-asset-v1p4beta1-java/src/main/java/com/google/cloud/asset/v1p4beta1/IamPolicyAnalysisOutputConfigOrBuilder.java.
2020-05-07 09:28:59,702 synthtool > No replacements made in [PosixPath('/tmp/tmpj48wnptz/google-cloud-asset-v1p4beta1-java/proto-google-cloud-asset-v1p4beta1-java/src/**/*Name.java'), PosixPath('/tmp/tmpj48wnptz/google-cloud-asset-v1p4beta1-java/proto-google-cloud-asset-v1p4beta1-java/src/**/*Names.java')] for pattern /\*
 \* Copyright \d{4} Google LLC
 \*
 \* Licensed under the Apache License, Version 2.0 \(the "License"\); you may not use this file except
 \* in compliance with the License. You may obtain a copy of the License at
 \*
 \* http://www.apache.org/licenses/LICENSE-2.0
 \*
 \* Unless required by applicable law or agreed to in writing, software distributed under the License
 \* is distributed on an "AS IS" BASIS, WITHOUT WARRANTIES OR CONDITIONS OF ANY KIND, either express
 \* or implied. See the License for the specific language governing permissions and limitations under
 \* the License.
 \*/
, maybe replacement is no longer needed?
2020-05-07 09:28:59,703 synthtool > Replaced '^package (.*);' in /tmp/tmpj48wnptz/google-cloud-asset-v1p4beta1-java/grpc-google-cloud-asset-v1p4beta1-java/src/main/java/com/google/cloud/asset/v1p4beta1/AssetServiceGrpc.java.
2020-05-07 09:28:59,722 synthtool > No files in sources [PosixPath('/tmp/tmpj48wnptz/google-cloud-asset-v1p4beta1-java/gapic-google-cloud-asset-v1p4beta1-java/samples/src')] were copied. Does the source contain files?
2020-05-07 09:28:59,722 synthtool > No files in sources [PosixPath('/tmp/tmpj48wnptz/google-cloud-asset-v1p4beta1-java/gapic-google-cloud-asset-v1p4beta1-java/samples/resources')] were copied. Does the source contain files?
2020-05-07 09:28:59,723 synthtool > No files in sources [PosixPath('/tmp/tmpj48wnptz/google-cloud-asset-v1p4beta1-java/gapic-google-cloud-asset-v1p4beta1-java/samples/src/**/*.manifest.yaml')] were copied. Does the source contain files?
2020-05-07 09:28:59,726 synthtool > Running java formatter on 52 files
2020-05-07 09:29:02,687 synthtool > Running java formatter on 1 files
2020-05-07 09:29:04,191 synthtool > Running java formatter on 16 files
2020-05-07 09:29:09,051 synthtool > Running java formatter on 0 files
2020-05-07 09:29:09,721 synthtool > Using precloned repo /tmp/tmpa46qwsjv/synthtool
.github/ISSUE_TEMPLATE/bug_report.md
.github/ISSUE_TEMPLATE/feature_request.md
.github/ISSUE_TEMPLATE/support_request.md
.github/PULL_REQUEST_TEMPLATE.md
.github/release-please.yml
.github/trusted-contribution.yml
.kokoro/build.bat
.kokoro/build.sh
.kokoro/coerce_logs.sh
.kokoro/common.cfg
.kokoro/common.sh
.kokoro/continuous/common.cfg
.kokoro/continuous/dependencies.cfg
.kokoro/continuous/integration.cfg
.kokoro/continuous/java11.cfg
.kokoro/continuous/java7.cfg
.kokoro/continuous/java8-osx.cfg
.kokoro/continuous/java8-win.cfg
.kokoro/continuous/java8.cfg
.kokoro/continuous/lint.cfg
.kokoro/continuous/propose_release.cfg
.kokoro/continuous/samples.cfg
.kokoro/dependencies.sh
.kokoro/linkage-monitor.sh
.kokoro/nightly/common.cfg
.kokoro/nightly/dependencies.cfg
.kokoro/nightly/integration.cfg
.kokoro/nightly/java11.cfg
.kokoro/nightly/java7.cfg
.kokoro/nightly/java8-osx.cfg
.kokoro/nightly/java8-win.cfg
.kokoro/nightly/java8.cfg
.kokoro/nightly/lint.cfg
.kokoro/nightly/samples.cfg
.kokoro/presubmit/clirr.cfg
.kokoro/presubmit/common.cfg
.kokoro/presubmit/dependencies.cfg
.kokoro/presubmit/integration.cfg
.kokoro/presubmit/java11.cfg
.kokoro/presubmit/java7.cfg
.kokoro/presubmit/java8-osx.cfg
.kokoro/presubmit/java8-win.cfg
.kokoro/presubmit/java8.cfg
.kokoro/presubmit/linkage-monitor.cfg
.kokoro/presubmit/lint.cfg
.kokoro/presubmit/samples.cfg
.kokoro/release/bump_snapshot.cfg
.kokoro/release/common.cfg
.kokoro/release/common.sh
.kokoro/release/drop.cfg
.kokoro/release/drop.sh
.kokoro/release/promote.cfg
.kokoro/release/promote.sh
.kokoro/release/publish_javadoc.cfg
.kokoro/release/publish_javadoc.sh
.kokoro/release/snapshot.cfg
.kokoro/release/snapshot.sh
.kokoro/release/stage.cfg
.kokoro/release/stage.sh
.kokoro/trampoline.sh
CODE_OF_CONDUCT.md
CONTRIBUTING.md
LICENSE
README.md
codecov.yaml
java.header
license-checks.xml
renovate.json
samples/install-without-bom/pom.xml
samples/pom.xml
samples/snapshot/pom.xml
samples/snippets/pom.xml
2020-05-07 09:29:10,139 synthtool > existing pom file found (samples/pom.xml) - keeping the existing
2020-05-07 09:29:10,140 synthtool > existing pom file found (samples/install-without-bom/pom.xml) - keeping the existing
2020-05-07 09:29:10,141 synthtool > existing pom file found (samples/snapshot/pom.xml) - keeping the existing
2020-05-07 09:29:10,143 synthtool > existing pom file found (samples/snippets/pom.xml) - keeping the existing
2020-05-07 09:29:10,144 synthtool > Wrote metadata to synth.metadata.
